time=2025-08-12T11:02:55.247-04:00 level=DEBUG msg="Starting Scraping process" Location="App.go Run()"
time=2025-08-12T11:02:55.544-04:00 level=INFO msg="Looking for CSV files in dirname Ready" Location="app.go - FindcsvFiles" dirname_ready=links/scrapeReady/
time=2025-08-12T11:02:55.545-04:00 level=INFO msg="Resuming from cached state" File="premier_league_match_links (1).csv" URL=https://fbref.com/en/matches/67a0c715/Chelsea-Manchester-City-August-18-2024-Premier-League Index=8
time=2025-08-12T11:02:55.545-04:00 level=DEBUG msg="Caching state, Searching for last index" File="premier_league_match_links (1).csv" Line=1 CachedIndex=8 Location="app.go - Range csvArray loop -> inside For loop"
time=2025-08-12T11:02:55.546-04:00 level=DEBUG msg="Caching state, Searching for last index" File="premier_league_match_links (1).csv" Line=2 CachedIndex=8 Location="app.go - Range csvArray loop -> inside For loop"
time=2025-08-12T11:02:55.546-04:00 level=DEBUG msg="Caching state, Searching for last index" File="premier_league_match_links (1).csv" Line=3 CachedIndex=8 Location="app.go - Range csvArray loop -> inside For loop"
time=2025-08-12T11:02:55.546-04:00 level=DEBUG msg="Caching state, Searching for last index" File="premier_league_match_links (1).csv" Line=4 CachedIndex=8 Location="app.go - Range csvArray loop -> inside For loop"
time=2025-08-12T11:02:55.546-04:00 level=DEBUG msg="Caching state, Searching for last index" File="premier_league_match_links (1).csv" Line=5 CachedIndex=8 Location="app.go - Range csvArray loop -> inside For loop"
time=2025-08-12T11:02:55.546-04:00 level=DEBUG msg="Caching state, Searching for last index" File="premier_league_match_links (1).csv" Line=6 CachedIndex=8 Location="app.go - Range csvArray loop -> inside For loop"
time=2025-08-12T11:02:55.546-04:00 level=DEBUG msg="Caching state, Searching for last index" File="premier_league_match_links (1).csv" Line=7 CachedIndex=8 Location="app.go - Range csvArray loop -> inside For loop"
time=2025-08-12T11:02:55.546-04:00 level=DEBUG msg="Caching state, Searching for last index" File="premier_league_match_links (1).csv" Line=8 CachedIndex=8 Location="app.go - Range csvArray loop -> inside For loop"
time=2025-08-12T11:02:55.546-04:00 level=INFO msg="Scraping State" URL=https://fbref.com/en/matches/62eea1d6/Leicester-City-Tottenham-Hotspur-August-19-2024-Premier-League "Keeper Counter"=0
time=2025-08-12T11:02:55.546-04:00 level=DEBUG msg="Creation of CollyCollector : c:="
time=2025-08-12T11:02:55.547-04:00 level=DEBUG msg="Extracting Date from URL string for building output folder structure." Date=August-19-2024 Location="App.go - After Handler selectors -> Get Dates"
time=2025-08-12T11:02:55.547-04:00 level=INFO msg="Total Scrape time" "Scrape time"=1.0516ms url=https://fbref.com/en/matches/62eea1d6/Leicester-City-Tottenham-Hotspur-August-19-2024-Premier-League location="app.go - scrape loop"
time=2025-08-12T11:02:55.547-04:00 level=INFO msg="Finished scraping Handler ," "Total Duration"=299.5005ms "Scrape time"=1.0516ms
time=2025-08-12T11:02:55.547-04:00 level=INFO msg="Total Scrape time" "Scrape time"=1.0516ms url=https://fbref.com/en/matches/62eea1d6/Leicester-City-Tottenham-Hotspur-August-19-2024-Premier-League location="app.go - scrape loop"
time=2025-08-12T11:02:55.547-04:00 level=INFO msg="Finished scraping Handler ," "Total Duration"=299.5005ms "Scrape time"=1.0516ms
time=2025-08-12T11:02:55.547-04:00 level=INFO msg="Total Scrape time" "Scrape time"=1.0516ms url=https://fbref.com/en/matches/62eea1d6/Leicester-City-Tottenham-Hotspur-August-19-2024-Premier-League location="app.go - scrape loop"
time=2025-08-12T11:02:55.547-04:00 level=INFO msg="Finished scraping Handler ," "Total Duration"=299.5005ms "Scrape time"=1.0516ms
time=2025-08-12T11:02:55.547-04:00 level=INFO msg="Total Scrape time" "Scrape time"=1.0516ms url=https://fbref.com/en/matches/62eea1d6/Leicester-City-Tottenham-Hotspur-August-19-2024-Premier-League location="app.go - scrape loop"
time=2025-08-12T11:02:55.547-04:00 level=INFO msg="Finished scraping Handler ," "Total Duration"=299.5005ms "Scrape time"=1.0516ms
time=2025-08-12T11:03:02.175-04:00 level=INFO msg="Handler finished" Selector=div.datapoint Duration=0s URL=https://fbref.com/en/matches/62eea1d6/Leicester-City-Tottenham-Hotspur-August-19-2024-Premier-League
time=2025-08-12T11:03:02.175-04:00 level=INFO msg="Handler finished" Selector=div.datapoint Duration=0s URL=https://fbref.com/en/matches/62eea1d6/Leicester-City-Tottenham-Hotspur-August-19-2024-Premier-League
time=2025-08-12T11:03:02.175-04:00 level=INFO msg="Handler finished" Selector=div.datapoint Duration=0s URL=https://fbref.com/en/matches/62eea1d6/Leicester-City-Tottenham-Hotspur-August-19-2024-Premier-League
time=2025-08-12T11:03:02.175-04:00 level=INFO msg="Handler finished" Selector=div.datapoint Duration=0s URL=https://fbref.com/en/matches/62eea1d6/Leicester-City-Tottenham-Hotspur-August-19-2024-Premier-League
time=2025-08-12T11:03:02.175-04:00 level=INFO msg="Handler finished" Selector="div.lineup th[colspan]" Duration=0s URL=https://fbref.com/en/matches/62eea1d6/Leicester-City-Tottenham-Hotspur-August-19-2024-Premier-League
time=2025-08-12T11:03:02.176-04:00 level=INFO msg="Handler finished" Selector="div.lineup th[colspan]" Duration=0s URL=https://fbref.com/en/matches/62eea1d6/Leicester-City-Tottenham-Hotspur-August-19-2024-Premier-League
time=2025-08-12T11:03:02.176-04:00 level=INFO msg="Handler finished" Selector="div.lineup th[colspan]" Duration=0s URL=https://fbref.com/en/matches/62eea1d6/Leicester-City-Tottenham-Hotspur-August-19-2024-Premier-League
time=2025-08-12T11:03:02.176-04:00 level=INFO msg="Handler finished" Selector="div.lineup th[colspan]" Duration=0s URL=https://fbref.com/en/matches/62eea1d6/Leicester-City-Tottenham-Hotspur-August-19-2024-Premier-League
time=2025-08-12T11:03:02.178-04:00 level=INFO msg="Handler finished" Selector="div[id^='all_player_stats']" Duration=1.9742ms URL=https://fbref.com/en/matches/62eea1d6/Leicester-City-Tottenham-Hotspur-August-19-2024-Premier-League
time=2025-08-12T11:03:02.179-04:00 level=INFO msg="Handler finished" Selector="div[id^='all_player_stats']" Duration=1.6488ms URL=https://fbref.com/en/matches/62eea1d6/Leicester-City-Tottenham-Hotspur-August-19-2024-Premier-League
time=2025-08-12T11:03:02.179-04:00 level=INFO msg="Handler finished" Selector="div[id^='all_keeper_stats_']" Duration=0s URL=https://fbref.com/en/matches/62eea1d6/Leicester-City-Tottenham-Hotspur-August-19-2024-Premier-League
time=2025-08-12T11:03:02.179-04:00 level=INFO msg="Handler finished" Selector="div[id^='all_keeper_stats_']" Duration=0s URL=https://fbref.com/en/matches/62eea1d6/Leicester-City-Tottenham-Hotspur-August-19-2024-Premier-League
time=2025-08-12T11:03:02.179-04:00 level=INFO msg="Finished URL Visit" URL=https://fbref.com/en/matches/62eea1d6/Leicester-City-Tottenham-Hotspur-August-19-2024-Premier-League Duration=6.6325992s Location="App.go - c.Visit()"
time=2025-08-12T11:03:02.179-04:00 level=INFO msg="Finished URL," "Total Duration"=6.9320997s URL=https://fbref.com/en/matches/62eea1d6/Leicester-City-Tottenham-Hotspur-August-19-2024-Premier-League
time=2025-08-12T11:03:02.181-04:00 level=INFO msg="Scraping State" URL=https://fbref.com/en/matches/fc8ab8b2/Brighton-and-Hove-Albion-Manchester-United-August-24-2024-Premier-League "Keeper Counter"=0
time=2025-08-12T11:03:02.181-04:00 level=DEBUG msg="Creation of CollyCollector : c:="
time=2025-08-12T11:03:02.181-04:00 level=DEBUG msg="Extracting Date from URL string for building output folder structure." Date=August-24-2024 Location="App.go - After Handler selectors -> Get Dates"
time=2025-08-12T11:03:02.181-04:00 level=INFO msg="Total Scrape time" "Scrape time"=1.191ms url=https://fbref.com/en/matches/fc8ab8b2/Brighton-and-Hove-Albion-Manchester-United-August-24-2024-Premier-League location="app.go - scrape loop"
time=2025-08-12T11:03:02.181-04:00 level=INFO msg="Finished scraping Handler ," "Total Duration"=6.9332907s "Scrape time"=1.191ms
time=2025-08-12T11:03:02.181-04:00 level=INFO msg="Total Scrape time" "Scrape time"=1.6951ms url=https://fbref.com/en/matches/fc8ab8b2/Brighton-and-Hove-Albion-Manchester-United-August-24-2024-Premier-League location="app.go - scrape loop"
time=2025-08-12T11:03:02.181-04:00 level=INFO msg="Finished scraping Handler ," "Total Duration"=6.9337948s "Scrape time"=1.6951ms
time=2025-08-12T11:03:02.181-04:00 level=INFO msg="Total Scrape time" "Scrape time"=1.6951ms url=https://fbref.com/en/matches/fc8ab8b2/Brighton-and-Hove-Albion-Manchester-United-August-24-2024-Premier-League location="app.go - scrape loop"
time=2025-08-12T11:03:02.181-04:00 level=INFO msg="Finished scraping Handler ," "Total Duration"=6.9337948s "Scrape time"=1.6951ms
time=2025-08-12T11:03:02.181-04:00 level=INFO msg="Total Scrape time" "Scrape time"=1.6951ms url=https://fbref.com/en/matches/fc8ab8b2/Brighton-and-Hove-Albion-Manchester-United-August-24-2024-Premier-League location="app.go - scrape loop"
time=2025-08-12T11:03:02.181-04:00 level=INFO msg="Finished scraping Handler ," "Total Duration"=6.9337948s "Scrape time"=1.6951ms
time=2025-08-12T11:03:05.161-04:00 level=INFO msg="Handler finished" Selector=div.datapoint Duration=0s URL=https://fbref.com/en/matches/fc8ab8b2/Brighton-and-Hove-Albion-Manchester-United-August-24-2024-Premier-League
time=2025-08-12T11:03:05.161-04:00 level=INFO msg="Handler finished" Selector=div.datapoint Duration=0s URL=https://fbref.com/en/matches/fc8ab8b2/Brighton-and-Hove-Albion-Manchester-United-August-24-2024-Premier-League
time=2025-08-12T11:03:05.161-04:00 level=INFO msg="Handler finished" Selector=div.datapoint Duration=0s URL=https://fbref.com/en/matches/fc8ab8b2/Brighton-and-Hove-Albion-Manchester-United-August-24-2024-Premier-League
time=2025-08-12T11:03:05.161-04:00 level=INFO msg="Handler finished" Selector=div.datapoint Duration=0s URL=https://fbref.com/en/matches/fc8ab8b2/Brighton-and-Hove-Albion-Manchester-United-August-24-2024-Premier-League
time=2025-08-12T11:03:05.161-04:00 level=INFO msg="Handler finished" Selector="div.lineup th[colspan]" Duration=0s URL=https://fbref.com/en/matches/fc8ab8b2/Brighton-and-Hove-Albion-Manchester-United-August-24-2024-Premier-League
time=2025-08-12T11:03:05.162-04:00 level=INFO msg="Handler finished" Selector="div.lineup th[colspan]" Duration=0s URL=https://fbref.com/en/matches/fc8ab8b2/Brighton-and-Hove-Albion-Manchester-United-August-24-2024-Premier-League
time=2025-08-12T11:03:05.162-04:00 level=INFO msg="Handler finished" Selector="div.lineup th[colspan]" Duration=0s URL=https://fbref.com/en/matches/fc8ab8b2/Brighton-and-Hove-Albion-Manchester-United-August-24-2024-Premier-League
time=2025-08-12T11:03:05.162-04:00 level=INFO msg="Handler finished" Selector="div.lineup th[colspan]" Duration=0s URL=https://fbref.com/en/matches/fc8ab8b2/Brighton-and-Hove-Albion-Manchester-United-August-24-2024-Premier-League
time=2025-08-12T11:03:05.163-04:00 level=INFO msg="Handler finished" Selector="div[id^='all_player_stats']" Duration=1.062ms URL=https://fbref.com/en/matches/fc8ab8b2/Brighton-and-Hove-Albion-Manchester-United-August-24-2024-Premier-League
time=2025-08-12T11:03:05.165-04:00 level=INFO msg="Handler finished" Selector="div[id^='all_player_stats']" Duration=1.5801ms URL=https://fbref.com/en/matches/fc8ab8b2/Brighton-and-Hove-Albion-Manchester-United-August-24-2024-Premier-League
time=2025-08-12T11:03:05.165-04:00 level=INFO msg="Handler finished" Selector="div[id^='all_keeper_stats_']" Duration=0s URL=https://fbref.com/en/matches/fc8ab8b2/Brighton-and-Hove-Albion-Manchester-United-August-24-2024-Premier-League
time=2025-08-12T11:03:05.165-04:00 level=INFO msg="Handler finished" Selector="div[id^='all_keeper_stats_']" Duration=0s URL=https://fbref.com/en/matches/fc8ab8b2/Brighton-and-Hove-Albion-Manchester-United-August-24-2024-Premier-League
time=2025-08-12T11:03:05.165-04:00 level=INFO msg="Finished URL Visit" URL=https://fbref.com/en/matches/fc8ab8b2/Brighton-and-Hove-Albion-Manchester-United-August-24-2024-Premier-League Duration=2.9840116s Location="App.go - c.Visit()"
time=2025-08-12T11:03:05.165-04:00 level=INFO msg="Finished URL," "Total Duration"=9.9178064s URL=https://fbref.com/en/matches/fc8ab8b2/Brighton-and-Hove-Albion-Manchester-United-August-24-2024-Premier-League
time=2025-08-12T11:03:05.167-04:00 level=INFO msg="Scraping State" URL=https://fbref.com/en/matches/a24b7a43/Manchester-City-Ipswich-Town-August-24-2024-Premier-League "Keeper Counter"=0
time=2025-08-12T11:03:05.167-04:00 level=DEBUG msg="Creation of CollyCollector : c:="
time=2025-08-12T11:03:05.167-04:00 level=DEBUG msg="Extracting Date from URL string for building output folder structure." Date=August-24-2024 Location="App.go - After Handler selectors -> Get Dates"
time=2025-08-12T11:03:05.167-04:00 level=INFO msg="Total Scrape time" "Scrape time"=1.6384ms url=https://fbref.com/en/matches/a24b7a43/Manchester-City-Ipswich-Town-August-24-2024-Premier-League location="app.go - scrape loop"
time=2025-08-12T11:03:05.167-04:00 level=INFO msg="Finished scraping Handler ," "Total Duration"=9.9194448s "Scrape time"=1.6384ms
time=2025-08-12T11:03:05.167-04:00 level=INFO msg="Total Scrape time" "Scrape time"=1.6384ms url=https://fbref.com/en/matches/a24b7a43/Manchester-City-Ipswich-Town-August-24-2024-Premier-League location="app.go - scrape loop"
time=2025-08-12T11:03:05.167-04:00 level=INFO msg="Finished scraping Handler ," "Total Duration"=9.9194448s "Scrape time"=1.6384ms
time=2025-08-12T11:03:05.167-04:00 level=INFO msg="Total Scrape time" "Scrape time"=1.6384ms url=https://fbref.com/en/matches/a24b7a43/Manchester-City-Ipswich-Town-August-24-2024-Premier-League location="app.go - scrape loop"
time=2025-08-12T11:03:05.167-04:00 level=INFO msg="Finished scraping Handler ," "Total Duration"=9.9194448s "Scrape time"=1.6384ms
time=2025-08-12T11:03:05.167-04:00 level=INFO msg="Total Scrape time" "Scrape time"=1.6384ms url=https://fbref.com/en/matches/a24b7a43/Manchester-City-Ipswich-Town-August-24-2024-Premier-League location="app.go - scrape loop"
time=2025-08-12T11:03:05.167-04:00 level=INFO msg="Finished scraping Handler ," "Total Duration"=9.9199806s "Scrape time"=2.1742ms
time=2025-08-12T11:03:10.019-04:00 level=INFO msg="Handler finished" Selector=div.datapoint Duration=0s URL=https://fbref.com/en/matches/a24b7a43/Manchester-City-Ipswich-Town-August-24-2024-Premier-League
time=2025-08-12T11:03:10.020-04:00 level=INFO msg="Handler finished" Selector=div.datapoint Duration=0s URL=https://fbref.com/en/matches/a24b7a43/Manchester-City-Ipswich-Town-August-24-2024-Premier-League
time=2025-08-12T11:03:10.020-04:00 level=INFO msg="Handler finished" Selector=div.datapoint Duration=0s URL=https://fbref.com/en/matches/a24b7a43/Manchester-City-Ipswich-Town-August-24-2024-Premier-League
time=2025-08-12T11:03:10.020-04:00 level=INFO msg="Handler finished" Selector=div.datapoint Duration=0s URL=https://fbref.com/en/matches/a24b7a43/Manchester-City-Ipswich-Town-August-24-2024-Premier-League
time=2025-08-12T11:03:10.020-04:00 level=INFO msg="Handler finished" Selector="div.lineup th[colspan]" Duration=0s URL=https://fbref.com/en/matches/a24b7a43/Manchester-City-Ipswich-Town-August-24-2024-Premier-League
time=2025-08-12T11:03:10.020-04:00 level=INFO msg="Handler finished" Selector="div.lineup th[colspan]" Duration=0s URL=https://fbref.com/en/matches/a24b7a43/Manchester-City-Ipswich-Town-August-24-2024-Premier-League
time=2025-08-12T11:03:10.020-04:00 level=INFO msg="Handler finished" Selector="div.lineup th[colspan]" Duration=0s URL=https://fbref.com/en/matches/a24b7a43/Manchester-City-Ipswich-Town-August-24-2024-Premier-League
time=2025-08-12T11:03:10.020-04:00 level=INFO msg="Handler finished" Selector="div.lineup th[colspan]" Duration=0s URL=https://fbref.com/en/matches/a24b7a43/Manchester-City-Ipswich-Town-August-24-2024-Premier-League
time=2025-08-12T11:03:10.025-04:00 level=INFO msg="Handler finished" Selector="div[id^='all_player_stats']" Duration=4.7805ms URL=https://fbref.com/en/matches/a24b7a43/Manchester-City-Ipswich-Town-August-24-2024-Premier-League
time=2025-08-12T11:03:10.029-04:00 level=INFO msg="Handler finished" Selector="div[id^='all_player_stats']" Duration=3.1442ms URL=https://fbref.com/en/matches/a24b7a43/Manchester-City-Ipswich-Town-August-24-2024-Premier-League
time=2025-08-12T11:03:10.029-04:00 level=INFO msg="Handler finished" Selector="div[id^='all_keeper_stats_']" Duration=73µs URL=https://fbref.com/en/matches/a24b7a43/Manchester-City-Ipswich-Town-August-24-2024-Premier-League
time=2025-08-12T11:03:10.029-04:00 level=INFO msg="Handler finished" Selector="div[id^='all_keeper_stats_']" Duration=0s URL=https://fbref.com/en/matches/a24b7a43/Manchester-City-Ipswich-Town-August-24-2024-Premier-League
time=2025-08-12T11:03:10.029-04:00 level=INFO msg="Finished URL Visit" URL=https://fbref.com/en/matches/a24b7a43/Manchester-City-Ipswich-Town-August-24-2024-Premier-League Duration=4.8619251s Location="App.go - c.Visit()"
time=2025-08-12T11:03:10.030-04:00 level=INFO msg="Finished URL," "Total Duration"=14.7824122s URL=https://fbref.com/en/matches/a24b7a43/Manchester-City-Ipswich-Town-August-24-2024-Premier-League
time=2025-08-12T11:03:10.033-04:00 level=INFO msg="Scraping State" URL=https://fbref.com/en/matches/a641f3a0/Southampton-Nottingham-Forest-August-24-2024-Premier-League "Keeper Counter"=0
time=2025-08-12T11:03:10.033-04:00 level=DEBUG msg="Creation of CollyCollector : c:="
time=2025-08-12T11:03:10.033-04:00 level=DEBUG msg="Extracting Date from URL string for building output folder structure." Date=August-24-2024 Location="App.go - After Handler selectors -> Get Dates"
time=2025-08-12T11:03:10.033-04:00 level=INFO msg="Total Scrape time" "Scrape time"=3.5851ms url=https://fbref.com/en/matches/a641f3a0/Southampton-Nottingham-Forest-August-24-2024-Premier-League location="app.go - scrape loop"
time=2025-08-12T11:03:10.033-04:00 level=INFO msg="Finished scraping Handler ," "Total Duration"=14.7859973s "Scrape time"=3.5851ms
time=2025-08-12T11:03:10.033-04:00 level=INFO msg="Total Scrape time" "Scrape time"=3.5851ms url=https://fbref.com/en/matches/a641f3a0/Southampton-Nottingham-Forest-August-24-2024-Premier-League location="app.go - scrape loop"
time=2025-08-12T11:03:10.033-04:00 level=INFO msg="Finished scraping Handler ," "Total Duration"=14.7859973s "Scrape time"=3.5851ms
time=2025-08-12T11:03:10.033-04:00 level=INFO msg="Total Scrape time" "Scrape time"=3.5851ms url=https://fbref.com/en/matches/a641f3a0/Southampton-Nottingham-Forest-August-24-2024-Premier-League location="app.go - scrape loop"
time=2025-08-12T11:03:10.033-04:00 level=INFO msg="Finished scraping Handler ," "Total Duration"=14.7859973s "Scrape time"=3.5851ms
time=2025-08-12T11:03:10.033-04:00 level=INFO msg="Total Scrape time" "Scrape time"=3.5851ms url=https://fbref.com/en/matches/a641f3a0/Southampton-Nottingham-Forest-August-24-2024-Premier-League location="app.go - scrape loop"
time=2025-08-12T11:03:10.033-04:00 level=INFO msg="Finished scraping Handler ," "Total Duration"=14.7861179s "Scrape time"=3.7057ms
time=2025-08-12T11:03:17.002-04:00 level=INFO msg="Handler finished" Selector=div.datapoint Duration=0s URL=https://fbref.com/en/matches/a641f3a0/Southampton-Nottingham-Forest-August-24-2024-Premier-League
time=2025-08-12T11:03:17.002-04:00 level=INFO msg="Handler finished" Selector=div.datapoint Duration=0s URL=https://fbref.com/en/matches/a641f3a0/Southampton-Nottingham-Forest-August-24-2024-Premier-League
time=2025-08-12T11:03:17.002-04:00 level=INFO msg="Handler finished" Selector=div.datapoint Duration=0s URL=https://fbref.com/en/matches/a641f3a0/Southampton-Nottingham-Forest-August-24-2024-Premier-League
time=2025-08-12T11:03:17.002-04:00 level=INFO msg="Handler finished" Selector=div.datapoint Duration=0s URL=https://fbref.com/en/matches/a641f3a0/Southampton-Nottingham-Forest-August-24-2024-Premier-League
time=2025-08-12T11:03:17.003-04:00 level=INFO msg="Handler finished" Selector="div.lineup th[colspan]" Duration=0s URL=https://fbref.com/en/matches/a641f3a0/Southampton-Nottingham-Forest-August-24-2024-Premier-League
time=2025-08-12T11:03:17.003-04:00 level=INFO msg="Handler finished" Selector="div.lineup th[colspan]" Duration=0s URL=https://fbref.com/en/matches/a641f3a0/Southampton-Nottingham-Forest-August-24-2024-Premier-League
time=2025-08-12T11:03:17.003-04:00 level=INFO msg="Handler finished" Selector="div.lineup th[colspan]" Duration=0s URL=https://fbref.com/en/matches/a641f3a0/Southampton-Nottingham-Forest-August-24-2024-Premier-League
time=2025-08-12T11:03:17.003-04:00 level=INFO msg="Handler finished" Selector="div.lineup th[colspan]" Duration=0s URL=https://fbref.com/en/matches/a641f3a0/Southampton-Nottingham-Forest-August-24-2024-Premier-League
time=2025-08-12T11:03:17.004-04:00 level=INFO msg="Handler finished" Selector="div[id^='all_player_stats']" Duration=1.2478ms URL=https://fbref.com/en/matches/a641f3a0/Southampton-Nottingham-Forest-August-24-2024-Premier-League
time=2025-08-12T11:03:17.006-04:00 level=INFO msg="Handler finished" Selector="div[id^='all_player_stats']" Duration=1.2569ms URL=https://fbref.com/en/matches/a641f3a0/Southampton-Nottingham-Forest-August-24-2024-Premier-League
time=2025-08-12T11:03:17.006-04:00 level=INFO msg="Handler finished" Selector="div[id^='all_keeper_stats_']" Duration=0s URL=https://fbref.com/en/matches/a641f3a0/Southampton-Nottingham-Forest-August-24-2024-Premier-League
time=2025-08-12T11:03:17.006-04:00 level=INFO msg="Handler finished" Selector="div[id^='all_keeper_stats_']" Duration=0s URL=https://fbref.com/en/matches/a641f3a0/Southampton-Nottingham-Forest-August-24-2024-Premier-League
time=2025-08-12T11:03:17.006-04:00 level=INFO msg="Finished URL Visit" URL=https://fbref.com/en/matches/a641f3a0/Southampton-Nottingham-Forest-August-24-2024-Premier-League Duration=6.9728537s Location="App.go - c.Visit()"
time=2025-08-12T11:03:17.006-04:00 level=INFO msg="Finished URL," "Total Duration"=21.7589716s URL=https://fbref.com/en/matches/a641f3a0/Southampton-Nottingham-Forest-August-24-2024-Premier-League
time=2025-08-12T11:03:17.007-04:00 level=INFO msg="Scraping State" URL=https://fbref.com/en/matches/1eef1717/Tottenham-Hotspur-Everton-August-24-2024-Premier-League "Keeper Counter"=0
time=2025-08-12T11:03:17.007-04:00 level=DEBUG msg="Creation of CollyCollector : c:="
time=2025-08-12T11:03:17.008-04:00 level=DEBUG msg="Extracting Date from URL string for building output folder structure." Date=August-24-2024 Location="App.go - After Handler selectors -> Get Dates"
time=2025-08-12T11:03:17.008-04:00 level=INFO msg="Total Scrape time" "Scrape time"=1.74ms url=https://fbref.com/en/matches/1eef1717/Tottenham-Hotspur-Everton-August-24-2024-Premier-League location="app.go - scrape loop"
time=2025-08-12T11:03:17.008-04:00 level=INFO msg="Finished scraping Handler ," "Total Duration"=21.7607116s "Scrape time"=1.74ms
time=2025-08-12T11:03:17.008-04:00 level=INFO msg="Total Scrape time" "Scrape time"=1.74ms url=https://fbref.com/en/matches/1eef1717/Tottenham-Hotspur-Everton-August-24-2024-Premier-League location="app.go - scrape loop"
time=2025-08-12T11:03:17.008-04:00 level=INFO msg="Finished scraping Handler ," "Total Duration"=21.7607116s "Scrape time"=1.74ms
time=2025-08-12T11:03:17.008-04:00 level=INFO msg="Total Scrape time" "Scrape time"=1.74ms url=https://fbref.com/en/matches/1eef1717/Tottenham-Hotspur-Everton-August-24-2024-Premier-League location="app.go - scrape loop"
time=2025-08-12T11:03:17.008-04:00 level=INFO msg="Finished scraping Handler ," "Total Duration"=21.7607116s "Scrape time"=1.74ms
time=2025-08-12T11:03:17.008-04:00 level=INFO msg="Total Scrape time" "Scrape time"=1.8022ms url=https://fbref.com/en/matches/1eef1717/Tottenham-Hotspur-Everton-August-24-2024-Premier-League location="app.go - scrape loop"
time=2025-08-12T11:03:17.008-04:00 level=INFO msg="Finished scraping Handler ," "Total Duration"=21.7607738s "Scrape time"=1.8022ms
time=2025-08-12T11:03:19.253-04:00 level=INFO msg="Handler finished" Selector=div.datapoint Duration=0s URL=https://fbref.com/en/matches/1eef1717/Tottenham-Hotspur-Everton-August-24-2024-Premier-League
time=2025-08-12T11:03:19.253-04:00 level=INFO msg="Handler finished" Selector=div.datapoint Duration=0s URL=https://fbref.com/en/matches/1eef1717/Tottenham-Hotspur-Everton-August-24-2024-Premier-League
time=2025-08-12T11:03:19.253-04:00 level=INFO msg="Handler finished" Selector=div.datapoint Duration=0s URL=https://fbref.com/en/matches/1eef1717/Tottenham-Hotspur-Everton-August-24-2024-Premier-League
time=2025-08-12T11:03:19.253-04:00 level=INFO msg="Handler finished" Selector=div.datapoint Duration=0s URL=https://fbref.com/en/matches/1eef1717/Tottenham-Hotspur-Everton-August-24-2024-Premier-League
time=2025-08-12T11:03:19.254-04:00 level=INFO msg="Handler finished" Selector="div.lineup th[colspan]" Duration=0s URL=https://fbref.com/en/matches/1eef1717/Tottenham-Hotspur-Everton-August-24-2024-Premier-League
time=2025-08-12T11:03:19.254-04:00 level=INFO msg="Handler finished" Selector="div.lineup th[colspan]" Duration=0s URL=https://fbref.com/en/matches/1eef1717/Tottenham-Hotspur-Everton-August-24-2024-Premier-League
time=2025-08-12T11:03:19.254-04:00 level=INFO msg="Handler finished" Selector="div.lineup th[colspan]" Duration=0s URL=https://fbref.com/en/matches/1eef1717/Tottenham-Hotspur-Everton-August-24-2024-Premier-League
time=2025-08-12T11:03:19.254-04:00 level=INFO msg="Handler finished" Selector="div.lineup th[colspan]" Duration=0s URL=https://fbref.com/en/matches/1eef1717/Tottenham-Hotspur-Everton-August-24-2024-Premier-League
time=2025-08-12T11:03:19.257-04:00 level=INFO msg="Handler finished" Selector="div[id^='all_player_stats']" Duration=2.6421ms URL=https://fbref.com/en/matches/1eef1717/Tottenham-Hotspur-Everton-August-24-2024-Premier-League
time=2025-08-12T11:03:19.259-04:00 level=INFO msg="Handler finished" Selector="div[id^='all_player_stats']" Duration=1.7792ms URL=https://fbref.com/en/matches/1eef1717/Tottenham-Hotspur-Everton-August-24-2024-Premier-League
time=2025-08-12T11:03:19.260-04:00 level=INFO msg="Handler finished" Selector="div[id^='all_keeper_stats_']" Duration=611.6µs URL=https://fbref.com/en/matches/1eef1717/Tottenham-Hotspur-Everton-August-24-2024-Premier-League
time=2025-08-12T11:03:19.260-04:00 level=INFO msg="Handler finished" Selector="div[id^='all_keeper_stats_']" Duration=0s URL=https://fbref.com/en/matches/1eef1717/Tottenham-Hotspur-Everton-August-24-2024-Premier-League
time=2025-08-12T11:03:19.260-04:00 level=INFO msg="Finished URL Visit" URL=https://fbref.com/en/matches/1eef1717/Tottenham-Hotspur-Everton-August-24-2024-Premier-League Duration=2.2516661s Location="App.go - c.Visit()"
time=2025-08-12T11:03:19.260-04:00 level=INFO msg="Finished URL," "Total Duration"=24.0124399s URL=https://fbref.com/en/matches/1eef1717/Tottenham-Hotspur-Everton-August-24-2024-Premier-League
time=2025-08-12T11:03:19.260-04:00 level=INFO msg="Scraping State" URL=https://fbref.com/en/matches/4d0079fb/Fulham-Leicester-City-August-24-2024-Premier-League "Keeper Counter"=0
time=2025-08-12T11:03:19.260-04:00 level=DEBUG msg="Creation of CollyCollector : c:="
time=2025-08-12T11:03:19.261-04:00 level=DEBUG msg="Extracting Date from URL string for building output folder structure." Date=August-24-2024 Location="App.go - After Handler selectors -> Get Dates"
time=2025-08-12T11:03:19.261-04:00 level=INFO msg="Total Scrape time" "Scrape time"=1.2835ms url=https://fbref.com/en/matches/4d0079fb/Fulham-Leicester-City-August-24-2024-Premier-League location="app.go - scrape loop"
time=2025-08-12T11:03:19.261-04:00 level=INFO msg="Finished scraping Handler ," "Total Duration"=24.0137234s "Scrape time"=1.2835ms
time=2025-08-12T11:03:19.261-04:00 level=INFO msg="Total Scrape time" "Scrape time"=1.2835ms url=https://fbref.com/en/matches/4d0079fb/Fulham-Leicester-City-August-24-2024-Premier-League location="app.go - scrape loop"
time=2025-08-12T11:03:19.261-04:00 level=INFO msg="Finished scraping Handler ," "Total Duration"=24.0137234s "Scrape time"=1.2835ms
time=2025-08-12T11:03:19.261-04:00 level=INFO msg="Total Scrape time" "Scrape time"=1.2835ms url=https://fbref.com/en/matches/4d0079fb/Fulham-Leicester-City-August-24-2024-Premier-League location="app.go - scrape loop"
time=2025-08-12T11:03:19.261-04:00 level=INFO msg="Finished scraping Handler ," "Total Duration"=24.0137234s "Scrape time"=1.2835ms
time=2025-08-12T11:03:19.261-04:00 level=INFO msg="Total Scrape time" "Scrape time"=1.2835ms url=https://fbref.com/en/matches/4d0079fb/Fulham-Leicester-City-August-24-2024-Premier-League location="app.go - scrape loop"
time=2025-08-12T11:03:19.261-04:00 level=INFO msg="Finished scraping Handler ," "Total Duration"=24.0137234s "Scrape time"=1.2835ms
time=2025-08-12T11:22:52.734-04:00 level=DEBUG msg="Starting Scraping process" Location="App.go Run()"
time=2025-08-12T11:22:53.030-04:00 level=INFO msg="Looking for CSV files in dirname Ready" Location="app.go - FindcsvFiles" dirname_ready=links/scrapeReady/
time=2025-08-12T11:22:53.031-04:00 level=INFO msg="Resuming from cached state" File="premier_league_match_links (1).csv" URL=https://fbref.com/en/matches/4d0079fb/Fulham-Leicester-City-August-24-2024-Premier-League Index=14
time=2025-08-12T11:22:53.031-04:00 level=DEBUG msg="Caching state, Searching for last index" File="premier_league_match_links (1).csv" Line=1 CachedIndex=14 Location="app.go - Range csvArray loop -> inside For loop"
time=2025-08-12T11:22:53.031-04:00 level=DEBUG msg="Caching state, Searching for last index" File="premier_league_match_links (1).csv" Line=2 CachedIndex=14 Location="app.go - Range csvArray loop -> inside For loop"
time=2025-08-12T11:22:53.031-04:00 level=DEBUG msg="Caching state, Searching for last index" File="premier_league_match_links (1).csv" Line=3 CachedIndex=14 Location="app.go - Range csvArray loop -> inside For loop"
time=2025-08-12T11:22:53.031-04:00 level=DEBUG msg="Caching state, Searching for last index" File="premier_league_match_links (1).csv" Line=4 CachedIndex=14 Location="app.go - Range csvArray loop -> inside For loop"
time=2025-08-12T11:22:53.031-04:00 level=DEBUG msg="Caching state, Searching for last index" File="premier_league_match_links (1).csv" Line=5 CachedIndex=14 Location="app.go - Range csvArray loop -> inside For loop"
time=2025-08-12T11:22:53.031-04:00 level=DEBUG msg="Caching state, Searching for last index" File="premier_league_match_links (1).csv" Line=6 CachedIndex=14 Location="app.go - Range csvArray loop -> inside For loop"
time=2025-08-12T11:22:53.031-04:00 level=DEBUG msg="Caching state, Searching for last index" File="premier_league_match_links (1).csv" Line=7 CachedIndex=14 Location="app.go - Range csvArray loop -> inside For loop"
time=2025-08-12T11:22:53.031-04:00 level=DEBUG msg="Caching state, Searching for last index" File="premier_league_match_links (1).csv" Line=8 CachedIndex=14 Location="app.go - Range csvArray loop -> inside For loop"
time=2025-08-12T11:22:53.031-04:00 level=DEBUG msg="Caching state, Searching for last index" File="premier_league_match_links (1).csv" Line=9 CachedIndex=14 Location="app.go - Range csvArray loop -> inside For loop"
time=2025-08-12T11:22:53.031-04:00 level=DEBUG msg="Caching state, Searching for last index" File="premier_league_match_links (1).csv" Line=10 CachedIndex=14 Location="app.go - Range csvArray loop -> inside For loop"
time=2025-08-12T11:22:53.031-04:00 level=DEBUG msg="Caching state, Searching for last index" File="premier_league_match_links (1).csv" Line=11 CachedIndex=14 Location="app.go - Range csvArray loop -> inside For loop"
time=2025-08-12T11:22:53.031-04:00 level=DEBUG msg="Caching state, Searching for last index" File="premier_league_match_links (1).csv" Line=12 CachedIndex=14 Location="app.go - Range csvArray loop -> inside For loop"
time=2025-08-12T11:22:53.031-04:00 level=DEBUG msg="Caching state, Searching for last index" File="premier_league_match_links (1).csv" Line=13 CachedIndex=14 Location="app.go - Range csvArray loop -> inside For loop"
time=2025-08-12T11:22:53.031-04:00 level=DEBUG msg="Caching state, Searching for last index" File="premier_league_match_links (1).csv" Line=14 CachedIndex=14 Location="app.go - Range csvArray loop -> inside For loop"
time=2025-08-12T11:22:53.032-04:00 level=INFO msg="Scraping State" URL=https://fbref.com/en/matches/540cfb68/Crystal-Palace-West-Ham-United-August-24-2024-Premier-League "Keeper Counter"=0
time=2025-08-12T11:22:53.032-04:00 level=DEBUG msg="Creation of CollyCollector : c:="
time=2025-08-12T11:22:53.033-04:00 level=DEBUG msg="Extracting Date from URL string for building output folder structure." Date=August-24-2024 Location="App.go - After Handler selectors -> Get Dates"
time=2025-08-12T11:22:53.033-04:00 level=INFO msg="Total Scrape time" "Scrape time"=1.1351ms url=https://fbref.com/en/matches/540cfb68/Crystal-Palace-West-Ham-United-August-24-2024-Premier-League location="app.go - scrape loop"
time=2025-08-12T11:22:53.033-04:00 level=INFO msg="Finished scraping Handler ," "Total Duration"=299.0235ms "Scrape time"=1.1351ms
time=2025-08-12T11:22:53.033-04:00 level=INFO msg="Total Scrape time" "Scrape time"=1.1351ms url=https://fbref.com/en/matches/540cfb68/Crystal-Palace-West-Ham-United-August-24-2024-Premier-League location="app.go - scrape loop"
time=2025-08-12T11:22:53.033-04:00 level=INFO msg="Finished scraping Handler ," "Total Duration"=299.0235ms "Scrape time"=1.1351ms
time=2025-08-12T11:22:53.033-04:00 level=INFO msg="Total Scrape time" "Scrape time"=1.1351ms url=https://fbref.com/en/matches/540cfb68/Crystal-Palace-West-Ham-United-August-24-2024-Premier-League location="app.go - scrape loop"
time=2025-08-12T11:22:53.033-04:00 level=INFO msg="Finished scraping Handler ," "Total Duration"=299.0235ms "Scrape time"=1.1351ms
time=2025-08-12T11:22:53.033-04:00 level=INFO msg="Total Scrape time" "Scrape time"=1.1351ms url=https://fbref.com/en/matches/540cfb68/Crystal-Palace-West-Ham-United-August-24-2024-Premier-League location="app.go - scrape loop"
time=2025-08-12T11:22:53.033-04:00 level=INFO msg="Finished scraping Handler ," "Total Duration"=299.0235ms "Scrape time"=1.1351ms
time=2025-08-12T11:22:57.247-04:00 level=INFO msg="Handler finished" Selector=div.datapoint Duration=0s URL=https://fbref.com/en/matches/540cfb68/Crystal-Palace-West-Ham-United-August-24-2024-Premier-League
time=2025-08-12T11:22:57.247-04:00 level=INFO msg="Handler finished" Selector=div.datapoint Duration=0s URL=https://fbref.com/en/matches/540cfb68/Crystal-Palace-West-Ham-United-August-24-2024-Premier-League
time=2025-08-12T11:22:57.247-04:00 level=INFO msg="Handler finished" Selector=div.datapoint Duration=0s URL=https://fbref.com/en/matches/540cfb68/Crystal-Palace-West-Ham-United-August-24-2024-Premier-League
time=2025-08-12T11:22:57.247-04:00 level=INFO msg="Handler finished" Selector=div.datapoint Duration=0s URL=https://fbref.com/en/matches/540cfb68/Crystal-Palace-West-Ham-United-August-24-2024-Premier-League
time=2025-08-12T11:22:57.248-04:00 level=INFO msg="Handler finished" Selector="div.lineup th[colspan]" Duration=0s URL=https://fbref.com/en/matches/540cfb68/Crystal-Palace-West-Ham-United-August-24-2024-Premier-League
time=2025-08-12T11:22:57.248-04:00 level=INFO msg="Handler finished" Selector="div.lineup th[colspan]" Duration=0s URL=https://fbref.com/en/matches/540cfb68/Crystal-Palace-West-Ham-United-August-24-2024-Premier-League
time=2025-08-12T11:22:57.248-04:00 level=INFO msg="Handler finished" Selector="div.lineup th[colspan]" Duration=0s URL=https://fbref.com/en/matches/540cfb68/Crystal-Palace-West-Ham-United-August-24-2024-Premier-League
time=2025-08-12T11:22:57.248-04:00 level=INFO msg="Handler finished" Selector="div.lineup th[colspan]" Duration=0s URL=https://fbref.com/en/matches/540cfb68/Crystal-Palace-West-Ham-United-August-24-2024-Premier-League
time=2025-08-12T11:22:57.250-04:00 level=INFO msg="Handler finished" Selector="div[id^='all_player_stats']" Duration=1.4945ms URL=https://fbref.com/en/matches/540cfb68/Crystal-Palace-West-Ham-United-August-24-2024-Premier-League
time=2025-08-12T11:22:57.252-04:00 level=INFO msg="Handler finished" Selector="div[id^='all_player_stats']" Duration=1.4981ms URL=https://fbref.com/en/matches/540cfb68/Crystal-Palace-West-Ham-United-August-24-2024-Premier-League
time=2025-08-12T11:22:57.252-04:00 level=INFO msg="Handler finished" Selector="div[id^='all_keeper_stats_']" Duration=0s URL=https://fbref.com/en/matches/540cfb68/Crystal-Palace-West-Ham-United-August-24-2024-Premier-League
time=2025-08-12T11:22:57.252-04:00 level=INFO msg="Handler finished" Selector="div[id^='all_keeper_stats_']" Duration=0s URL=https://fbref.com/en/matches/540cfb68/Crystal-Palace-West-Ham-United-August-24-2024-Premier-League
time=2025-08-12T11:22:57.252-04:00 level=INFO msg="Finished URL Visit" URL=https://fbref.com/en/matches/540cfb68/Crystal-Palace-West-Ham-United-August-24-2024-Premier-League Duration=4.2191728s Location="App.go - c.Visit()"
time=2025-08-12T11:22:57.252-04:00 level=INFO msg="Finished URL," "Total Duration"=4.5181963s URL=https://fbref.com/en/matches/540cfb68/Crystal-Palace-West-Ham-United-August-24-2024-Premier-League
time=2025-08-12T11:22:57.253-04:00 level=INFO msg="Scraping State" URL=https://fbref.com/en/matches/4692171a/Aston-Villa-Arsenal-August-24-2024-Premier-League "Keeper Counter"=0
time=2025-08-12T11:22:57.253-04:00 level=DEBUG msg="Creation of CollyCollector : c:="
time=2025-08-12T11:22:57.253-04:00 level=DEBUG msg="Extracting Date from URL string for building output folder structure." Date=August-24-2024 Location="App.go - After Handler selectors -> Get Dates"
time=2025-08-12T11:22:57.253-04:00 level=INFO msg="Total Scrape time" "Scrape time"=1.6909ms url=https://fbref.com/en/matches/4692171a/Aston-Villa-Arsenal-August-24-2024-Premier-League location="app.go - scrape loop"
time=2025-08-12T11:22:57.253-04:00 level=INFO msg="Finished scraping Handler ," "Total Duration"=4.5198872s "Scrape time"=1.6909ms
time=2025-08-12T11:22:57.253-04:00 level=INFO msg="Total Scrape time" "Scrape time"=1.6909ms url=https://fbref.com/en/matches/4692171a/Aston-Villa-Arsenal-August-24-2024-Premier-League location="app.go - scrape loop"
time=2025-08-12T11:22:57.253-04:00 level=INFO msg="Finished scraping Handler ," "Total Duration"=4.5198872s "Scrape time"=1.6909ms
time=2025-08-12T11:22:57.253-04:00 level=INFO msg="Total Scrape time" "Scrape time"=1.6909ms url=https://fbref.com/en/matches/4692171a/Aston-Villa-Arsenal-August-24-2024-Premier-League location="app.go - scrape loop"
time=2025-08-12T11:22:57.253-04:00 level=INFO msg="Finished scraping Handler ," "Total Duration"=4.5198872s "Scrape time"=1.6909ms
time=2025-08-12T11:22:57.253-04:00 level=INFO msg="Total Scrape time" "Scrape time"=1.6909ms url=https://fbref.com/en/matches/4692171a/Aston-Villa-Arsenal-August-24-2024-Premier-League location="app.go - scrape loop"
time=2025-08-12T11:22:57.253-04:00 level=INFO msg="Finished scraping Handler ," "Total Duration"=4.5198872s "Scrape time"=1.6909ms
time=2025-08-12T11:46:37.591-04:00 level=DEBUG msg="Starting Scraping process" Location="App.go Run()"
time=2025-08-12T11:46:37.853-04:00 level=INFO msg="Looking for CSV files in dirname Ready" Location="app.go - FindcsvFiles" dirname_ready=links/scrapeReady/
time=2025-08-12T11:46:37.853-04:00 level=DEBUG msg="Reading CSVs from csvarray. Array created from findcsvfiles." Location="app.go - Range csvArray loop" Record="premier_league_match_links (1).csv"
time=2025-08-12T11:46:37.855-04:00 level=INFO msg="Scraping State" URL=https://fbref.com/en/matches/a1d0d529/Ipswich-Town-Liverpool-August-17-2024-Premier-League "Keeper Counter"=0
time=2025-08-12T11:46:37.855-04:00 level=DEBUG msg="Creation of CollyCollector : c:="
time=2025-08-12T11:46:37.855-04:00 level=DEBUG msg="Extracting Date from URL string for building output folder structure." Date=August-17-2024 Location="App.go - After Handler selectors -> Get Dates"
time=2025-08-12T11:46:37.855-04:00 level=INFO msg="Total Scrape time" "Scrape time"=2.0983ms url=https://fbref.com/en/matches/a1d0d529/Ipswich-Town-Liverpool-August-17-2024-Premier-League location="app.go - scrape loop"
time=2025-08-12T11:46:37.855-04:00 level=INFO msg="Finished scraping Handler ," "Total Duration"=264.0191ms "Scrape time"=2.0983ms
time=2025-08-12T11:46:37.855-04:00 level=INFO msg="Total Scrape time" "Scrape time"=2.0983ms url=https://fbref.com/en/matches/a1d0d529/Ipswich-Town-Liverpool-August-17-2024-Premier-League location="app.go - scrape loop"
time=2025-08-12T11:46:37.855-04:00 level=INFO msg="Finished scraping Handler ," "Total Duration"=264.0191ms "Scrape time"=2.0983ms
time=2025-08-12T11:46:37.855-04:00 level=INFO msg="Total Scrape time" "Scrape time"=2.0983ms url=https://fbref.com/en/matches/a1d0d529/Ipswich-Town-Liverpool-August-17-2024-Premier-League location="app.go - scrape loop"
time=2025-08-12T11:46:37.855-04:00 level=INFO msg="Finished scraping Handler ," "Total Duration"=264.0191ms "Scrape time"=2.0983ms
time=2025-08-12T11:46:37.855-04:00 level=INFO msg="Total Scrape time" "Scrape time"=2.0983ms url=https://fbref.com/en/matches/a1d0d529/Ipswich-Town-Liverpool-August-17-2024-Premier-League location="app.go - scrape loop"
time=2025-08-12T11:46:37.855-04:00 level=INFO msg="Finished scraping Handler ," "Total Duration"=264.0191ms "Scrape time"=2.0983ms
time=2025-08-12T11:46:41.274-04:00 level=INFO msg="Handler finished" Selector=div.datapoint Duration=0s URL=https://fbref.com/en/matches/a1d0d529/Ipswich-Town-Liverpool-August-17-2024-Premier-League
time=2025-08-12T11:46:41.274-04:00 level=INFO msg="Handler finished" Selector=div.datapoint Duration=0s URL=https://fbref.com/en/matches/a1d0d529/Ipswich-Town-Liverpool-August-17-2024-Premier-League
time=2025-08-12T11:46:41.274-04:00 level=INFO msg="Handler finished" Selector=div.datapoint Duration=0s URL=https://fbref.com/en/matches/a1d0d529/Ipswich-Town-Liverpool-August-17-2024-Premier-League
time=2025-08-12T11:46:41.274-04:00 level=INFO msg="Handler finished" Selector=div.datapoint Duration=0s URL=https://fbref.com/en/matches/a1d0d529/Ipswich-Town-Liverpool-August-17-2024-Premier-League
time=2025-08-12T11:46:41.274-04:00 level=INFO msg="Handler finished" Selector="div.lineup th[colspan]" Duration=0s URL=https://fbref.com/en/matches/a1d0d529/Ipswich-Town-Liverpool-August-17-2024-Premier-League
time=2025-08-12T11:46:41.274-04:00 level=INFO msg="Handler finished" Selector="div.lineup th[colspan]" Duration=0s URL=https://fbref.com/en/matches/a1d0d529/Ipswich-Town-Liverpool-August-17-2024-Premier-League
time=2025-08-12T11:46:41.275-04:00 level=INFO msg="Handler finished" Selector="div.lineup th[colspan]" Duration=0s URL=https://fbref.com/en/matches/a1d0d529/Ipswich-Town-Liverpool-August-17-2024-Premier-League
time=2025-08-12T11:46:41.275-04:00 level=INFO msg="Handler finished" Selector="div.lineup th[colspan]" Duration=0s URL=https://fbref.com/en/matches/a1d0d529/Ipswich-Town-Liverpool-August-17-2024-Premier-League
time=2025-08-12T11:46:41.278-04:00 level=INFO msg="Handler finished" Selector="div[id^='all_player_stats']" Duration=3.1331ms URL=https://fbref.com/en/matches/a1d0d529/Ipswich-Town-Liverpool-August-17-2024-Premier-League
time=2025-08-12T11:46:41.281-04:00 level=INFO msg="Handler finished" Selector="div[id^='all_player_stats']" Duration=3.092ms URL=https://fbref.com/en/matches/a1d0d529/Ipswich-Town-Liverpool-August-17-2024-Premier-League
time=2025-08-12T11:46:41.282-04:00 level=INFO msg="Handler finished" Selector="div[id^='all_keeper_stats_']" Duration=0s URL=https://fbref.com/en/matches/a1d0d529/Ipswich-Town-Liverpool-August-17-2024-Premier-League
time=2025-08-12T11:46:41.282-04:00 level=INFO msg="Handler finished" Selector="div[id^='all_keeper_stats_']" Duration=0s URL=https://fbref.com/en/matches/a1d0d529/Ipswich-Town-Liverpool-August-17-2024-Premier-League
time=2025-08-12T11:46:41.282-04:00 level=INFO msg="Finished URL Visit" URL=https://fbref.com/en/matches/a1d0d529/Ipswich-Town-Liverpool-August-17-2024-Premier-League Duration=3.4267924s Location="App.go - c.Visit()"
time=2025-08-12T11:46:41.282-04:00 level=INFO msg="Finished URL," "Total Duration"=3.6908115s URL=https://fbref.com/en/matches/a1d0d529/Ipswich-Town-Liverpool-August-17-2024-Premier-League
time=2025-08-12T11:46:41.283-04:00 level=INFO msg="Scraping State" URL=https://fbref.com/en/matches/34557647/Newcastle-United-Southampton-August-17-2024-Premier-League "Keeper Counter"=0
time=2025-08-12T11:46:41.284-04:00 level=DEBUG msg="Creation of CollyCollector : c:="
time=2025-08-12T11:46:41.284-04:00 level=DEBUG msg="Extracting Date from URL string for building output folder structure." Date=August-17-2024 Location="App.go - After Handler selectors -> Get Dates"
time=2025-08-12T11:46:41.284-04:00 level=INFO msg="Total Scrape time" "Scrape time"=1.819ms url=https://fbref.com/en/matches/34557647/Newcastle-United-Southampton-August-17-2024-Premier-League location="app.go - scrape loop"
time=2025-08-12T11:46:41.284-04:00 level=INFO msg="Finished scraping Handler ," "Total Duration"=3.6926305s "Scrape time"=1.819ms
time=2025-08-12T11:46:41.284-04:00 level=INFO msg="Total Scrape time" "Scrape time"=1.819ms url=https://fbref.com/en/matches/34557647/Newcastle-United-Southampton-August-17-2024-Premier-League location="app.go - scrape loop"
time=2025-08-12T11:46:41.284-04:00 level=INFO msg="Finished scraping Handler ," "Total Duration"=3.6926305s "Scrape time"=1.819ms
time=2025-08-12T11:46:41.284-04:00 level=INFO msg="Total Scrape time" "Scrape time"=2.3262ms url=https://fbref.com/en/matches/34557647/Newcastle-United-Southampton-August-17-2024-Premier-League location="app.go - scrape loop"
time=2025-08-12T11:46:41.284-04:00 level=INFO msg="Finished scraping Handler ," "Total Duration"=3.6931377s "Scrape time"=2.3262ms
time=2025-08-12T11:46:41.284-04:00 level=INFO msg="Total Scrape time" "Scrape time"=2.3262ms url=https://fbref.com/en/matches/34557647/Newcastle-United-Southampton-August-17-2024-Premier-League location="app.go - scrape loop"
time=2025-08-12T11:46:41.284-04:00 level=INFO msg="Finished scraping Handler ," "Total Duration"=3.6931377s "Scrape time"=2.3262ms
time=2025-08-12T11:46:47.293-04:00 level=INFO msg="Handler finished" Selector=div.datapoint Duration=0s URL=https://fbref.com/en/matches/34557647/Newcastle-United-Southampton-August-17-2024-Premier-League
time=2025-08-12T11:46:47.293-04:00 level=INFO msg="Handler finished" Selector=div.datapoint Duration=0s URL=https://fbref.com/en/matches/34557647/Newcastle-United-Southampton-August-17-2024-Premier-League
time=2025-08-12T11:46:47.293-04:00 level=INFO msg="Handler finished" Selector=div.datapoint Duration=0s URL=https://fbref.com/en/matches/34557647/Newcastle-United-Southampton-August-17-2024-Premier-League
time=2025-08-12T11:46:47.293-04:00 level=INFO msg="Handler finished" Selector=div.datapoint Duration=0s URL=https://fbref.com/en/matches/34557647/Newcastle-United-Southampton-August-17-2024-Premier-League
time=2025-08-12T11:46:47.294-04:00 level=INFO msg="Handler finished" Selector="div.lineup th[colspan]" Duration=0s URL=https://fbref.com/en/matches/34557647/Newcastle-United-Southampton-August-17-2024-Premier-League
time=2025-08-12T11:46:47.294-04:00 level=INFO msg="Handler finished" Selector="div.lineup th[colspan]" Duration=0s URL=https://fbref.com/en/matches/34557647/Newcastle-United-Southampton-August-17-2024-Premier-League
time=2025-08-12T11:46:47.294-04:00 level=INFO msg="Handler finished" Selector="div.lineup th[colspan]" Duration=0s URL=https://fbref.com/en/matches/34557647/Newcastle-United-Southampton-August-17-2024-Premier-League
time=2025-08-12T11:46:47.294-04:00 level=INFO msg="Handler finished" Selector="div.lineup th[colspan]" Duration=0s URL=https://fbref.com/en/matches/34557647/Newcastle-United-Southampton-August-17-2024-Premier-League
time=2025-08-12T11:46:47.296-04:00 level=INFO msg="Handler finished" Selector="div[id^='all_player_stats']" Duration=1.6289ms URL=https://fbref.com/en/matches/34557647/Newcastle-United-Southampton-August-17-2024-Premier-League
time=2025-08-12T11:46:47.298-04:00 level=INFO msg="Handler finished" Selector="div[id^='all_player_stats']" Duration=1.6348ms URL=https://fbref.com/en/matches/34557647/Newcastle-United-Southampton-August-17-2024-Premier-League
time=2025-08-12T11:46:47.298-04:00 level=INFO msg="Handler finished" Selector="div[id^='all_keeper_stats_']" Duration=0s URL=https://fbref.com/en/matches/34557647/Newcastle-United-Southampton-August-17-2024-Premier-League
time=2025-08-12T11:46:47.298-04:00 level=INFO msg="Handler finished" Selector="div[id^='all_keeper_stats_']" Duration=0s URL=https://fbref.com/en/matches/34557647/Newcastle-United-Southampton-August-17-2024-Premier-League
time=2025-08-12T11:46:47.298-04:00 level=INFO msg="Finished URL Visit" URL=https://fbref.com/en/matches/34557647/Newcastle-United-Southampton-August-17-2024-Premier-League Duration=6.0135993s Location="App.go - c.Visit()"
time=2025-08-12T11:46:47.298-04:00 level=INFO msg="Finished URL," "Total Duration"=9.7068115s URL=https://fbref.com/en/matches/34557647/Newcastle-United-Southampton-August-17-2024-Premier-League
time=2025-08-12T11:46:47.299-04:00 level=INFO msg="Scraping State" URL=https://fbref.com/en/matches/71618ace/Everton-Brighton-and-Hove-Albion-August-17-2024-Premier-League "Keeper Counter"=0
time=2025-08-12T11:46:47.299-04:00 level=DEBUG msg="Creation of CollyCollector : c:="
time=2025-08-12T11:46:47.299-04:00 level=DEBUG msg="Extracting Date from URL string for building output folder structure." Date=August-17-2024 Location="App.go - After Handler selectors -> Get Dates"
time=2025-08-12T11:46:47.300-04:00 level=INFO msg="Total Scrape time" "Scrape time"=1.685ms url=https://fbref.com/en/matches/71618ace/Everton-Brighton-and-Hove-Albion-August-17-2024-Premier-League location="app.go - scrape loop"
time=2025-08-12T11:46:47.300-04:00 level=INFO msg="Finished scraping Handler ," "Total Duration"=9.7084965s "Scrape time"=1.685ms
time=2025-08-12T11:46:47.300-04:00 level=INFO msg="Total Scrape time" "Scrape time"=1.685ms url=https://fbref.com/en/matches/71618ace/Everton-Brighton-and-Hove-Albion-August-17-2024-Premier-League location="app.go - scrape loop"
time=2025-08-12T11:46:47.300-04:00 level=INFO msg="Finished scraping Handler ," "Total Duration"=9.7084965s "Scrape time"=1.685ms
time=2025-08-12T11:46:47.300-04:00 level=INFO msg="Total Scrape time" "Scrape time"=1.685ms url=https://fbref.com/en/matches/71618ace/Everton-Brighton-and-Hove-Albion-August-17-2024-Premier-League location="app.go - scrape loop"
time=2025-08-12T11:46:47.300-04:00 level=INFO msg="Finished scraping Handler ," "Total Duration"=9.7084965s "Scrape time"=1.685ms
time=2025-08-12T11:46:47.300-04:00 level=INFO msg="Total Scrape time" "Scrape time"=1.685ms url=https://fbref.com/en/matches/71618ace/Everton-Brighton-and-Hove-Albion-August-17-2024-Premier-League location="app.go - scrape loop"
time=2025-08-12T11:46:47.300-04:00 level=INFO msg="Finished scraping Handler ," "Total Duration"=9.7084965s "Scrape time"=1.685ms
time=2025-08-12T11:46:56.859-04:00 level=DEBUG msg="Starting Scraping process" Location="App.go Run()"
time=2025-08-12T11:46:57.077-04:00 level=INFO msg="Looking for CSV files in dirname Ready" Location="app.go - FindcsvFiles" dirname_ready=links/scrapeReady/
time=2025-08-12T11:46:57.077-04:00 level=DEBUG msg="Reading CSVs from csvarray. Array created from findcsvfiles." Location="app.go - Range csvArray loop" Record="premier_league_match_links (1).csv"
time=2025-08-12T11:46:57.078-04:00 level=INFO msg="Scraping State" URL=https://fbref.com/en/matches/a1d0d529/Ipswich-Town-Liverpool-August-17-2024-Premier-League "Keeper Counter"=0
time=2025-08-12T11:46:57.078-04:00 level=DEBUG msg="Creation of CollyCollector : c:="
time=2025-08-12T11:46:57.079-04:00 level=DEBUG msg="Extracting Date from URL string for building output folder structure." Date=August-17-2024 Location="App.go - After Handler selectors -> Get Dates"
time=2025-08-12T11:46:57.079-04:00 level=INFO msg="Total Scrape time" "Scrape time"=1.1537ms url=https://fbref.com/en/matches/a1d0d529/Ipswich-Town-Liverpool-August-17-2024-Premier-League location="app.go - scrape loop"
time=2025-08-12T11:46:57.079-04:00 level=INFO msg="Finished scraping Handler ," "Total Duration"=219.9818ms "Scrape time"=1.1537ms
time=2025-08-12T11:46:57.079-04:00 level=INFO msg="Total Scrape time" "Scrape time"=1.1537ms url=https://fbref.com/en/matches/a1d0d529/Ipswich-Town-Liverpool-August-17-2024-Premier-League location="app.go - scrape loop"
time=2025-08-12T11:46:57.079-04:00 level=INFO msg="Finished scraping Handler ," "Total Duration"=219.9818ms "Scrape time"=1.1537ms
time=2025-08-12T11:46:57.079-04:00 level=INFO msg="Total Scrape time" "Scrape time"=1.1537ms url=https://fbref.com/en/matches/a1d0d529/Ipswich-Town-Liverpool-August-17-2024-Premier-League location="app.go - scrape loop"
time=2025-08-12T11:46:57.079-04:00 level=INFO msg="Finished scraping Handler ," "Total Duration"=219.9818ms "Scrape time"=1.1537ms
time=2025-08-12T11:46:57.079-04:00 level=INFO msg="Total Scrape time" "Scrape time"=1.1537ms url=https://fbref.com/en/matches/a1d0d529/Ipswich-Town-Liverpool-August-17-2024-Premier-League location="app.go - scrape loop"
time=2025-08-12T11:46:57.079-04:00 level=INFO msg="Finished scraping Handler ," "Total Duration"=219.9818ms "Scrape time"=1.1537ms
time=2025-08-12T11:47:01.001-04:00 level=INFO msg="Handler finished" Selector=div.datapoint Duration=0s URL=https://fbref.com/en/matches/a1d0d529/Ipswich-Town-Liverpool-August-17-2024-Premier-League
time=2025-08-12T11:47:01.001-04:00 level=INFO msg="Handler finished" Selector=div.datapoint Duration=0s URL=https://fbref.com/en/matches/a1d0d529/Ipswich-Town-Liverpool-August-17-2024-Premier-League
time=2025-08-12T11:47:01.001-04:00 level=INFO msg="Handler finished" Selector=div.datapoint Duration=0s URL=https://fbref.com/en/matches/a1d0d529/Ipswich-Town-Liverpool-August-17-2024-Premier-League
time=2025-08-12T11:47:01.001-04:00 level=INFO msg="Handler finished" Selector=div.datapoint Duration=0s URL=https://fbref.com/en/matches/a1d0d529/Ipswich-Town-Liverpool-August-17-2024-Premier-League
time=2025-08-12T11:47:01.002-04:00 level=INFO msg="Handler finished" Selector="div.lineup th[colspan]" Duration=111µs URL=https://fbref.com/en/matches/a1d0d529/Ipswich-Town-Liverpool-August-17-2024-Premier-League
time=2025-08-12T11:47:01.002-04:00 level=INFO msg="Handler finished" Selector="div.lineup th[colspan]" Duration=0s URL=https://fbref.com/en/matches/a1d0d529/Ipswich-Town-Liverpool-August-17-2024-Premier-League
time=2025-08-12T11:47:01.002-04:00 level=INFO msg="Handler finished" Selector="div.lineup th[colspan]" Duration=0s URL=https://fbref.com/en/matches/a1d0d529/Ipswich-Town-Liverpool-August-17-2024-Premier-League
time=2025-08-12T11:47:01.002-04:00 level=INFO msg="Handler finished" Selector="div.lineup th[colspan]" Duration=0s URL=https://fbref.com/en/matches/a1d0d529/Ipswich-Town-Liverpool-August-17-2024-Premier-League
time=2025-08-12T11:47:01.004-04:00 level=INFO msg="Handler finished" Selector="div[id^='all_player_stats']" Duration=1.9126ms URL=https://fbref.com/en/matches/a1d0d529/Ipswich-Town-Liverpool-August-17-2024-Premier-League
time=2025-08-12T11:47:01.005-04:00 level=INFO msg="Handler finished" Selector="div[id^='all_player_stats']" Duration=1.1756ms URL=https://fbref.com/en/matches/a1d0d529/Ipswich-Town-Liverpool-August-17-2024-Premier-League
time=2025-08-12T11:47:01.005-04:00 level=INFO msg="Handler finished" Selector="div[id^='all_keeper_stats_']" Duration=117.2µs URL=https://fbref.com/en/matches/a1d0d529/Ipswich-Town-Liverpool-August-17-2024-Premier-League
time=2025-08-12T11:47:01.005-04:00 level=INFO msg="Handler finished" Selector="div[id^='all_keeper_stats_']" Duration=0s URL=https://fbref.com/en/matches/a1d0d529/Ipswich-Town-Liverpool-August-17-2024-Premier-League
time=2025-08-12T11:47:01.005-04:00 level=INFO msg="Finished URL Visit" URL=https://fbref.com/en/matches/a1d0d529/Ipswich-Town-Liverpool-August-17-2024-Premier-League Duration=3.9267735s Location="App.go - c.Visit()"
time=2025-08-12T11:47:01.005-04:00 level=INFO msg="Finished URL," "Total Duration"=4.1467553s URL=https://fbref.com/en/matches/a1d0d529/Ipswich-Town-Liverpool-August-17-2024-Premier-League
time=2025-08-12T11:47:01.007-04:00 level=INFO msg="Scraping State" URL=https://fbref.com/en/matches/34557647/Newcastle-United-Southampton-August-17-2024-Premier-League "Keeper Counter"=0
time=2025-08-12T11:47:01.007-04:00 level=DEBUG msg="Creation of CollyCollector : c:="
time=2025-08-12T11:47:01.007-04:00 level=DEBUG msg="Extracting Date from URL string for building output folder structure." Date=August-17-2024 Location="App.go - After Handler selectors -> Get Dates"
time=2025-08-12T11:47:01.007-04:00 level=INFO msg="Total Scrape time" "Scrape time"=2.0492ms url=https://fbref.com/en/matches/34557647/Newcastle-United-Southampton-August-17-2024-Premier-League location="app.go - scrape loop"
time=2025-08-12T11:47:01.007-04:00 level=INFO msg="Finished scraping Handler ," "Total Duration"=4.1488045s "Scrape time"=2.0492ms
time=2025-08-12T11:47:01.007-04:00 level=INFO msg="Total Scrape time" "Scrape time"=2.0492ms url=https://fbref.com/en/matches/34557647/Newcastle-United-Southampton-August-17-2024-Premier-League location="app.go - scrape loop"
time=2025-08-12T11:47:01.007-04:00 level=INFO msg="Finished scraping Handler ," "Total Duration"=4.1488045s "Scrape time"=2.0492ms
time=2025-08-12T11:47:01.007-04:00 level=INFO msg="Total Scrape time" "Scrape time"=2.0492ms url=https://fbref.com/en/matches/34557647/Newcastle-United-Southampton-August-17-2024-Premier-League location="app.go - scrape loop"
time=2025-08-12T11:47:01.007-04:00 level=INFO msg="Finished scraping Handler ," "Total Duration"=4.1488045s "Scrape time"=2.0492ms
time=2025-08-12T11:47:01.007-04:00 level=INFO msg="Total Scrape time" "Scrape time"=2.0492ms url=https://fbref.com/en/matches/34557647/Newcastle-United-Southampton-August-17-2024-Premier-League location="app.go - scrape loop"
time=2025-08-12T11:47:01.007-04:00 level=INFO msg="Finished scraping Handler ," "Total Duration"=4.1488045s "Scrape time"=2.0492ms
time=2025-08-12T11:47:03.273-04:00 level=INFO msg="Handler finished" Selector=div.datapoint Duration=0s URL=https://fbref.com/en/matches/34557647/Newcastle-United-Southampton-August-17-2024-Premier-League
time=2025-08-12T11:47:03.273-04:00 level=INFO msg="Handler finished" Selector=div.datapoint Duration=0s URL=https://fbref.com/en/matches/34557647/Newcastle-United-Southampton-August-17-2024-Premier-League
time=2025-08-12T11:47:03.273-04:00 level=INFO msg="Handler finished" Selector=div.datapoint Duration=0s URL=https://fbref.com/en/matches/34557647/Newcastle-United-Southampton-August-17-2024-Premier-League
time=2025-08-12T11:47:03.273-04:00 level=INFO msg="Handler finished" Selector=div.datapoint Duration=0s URL=https://fbref.com/en/matches/34557647/Newcastle-United-Southampton-August-17-2024-Premier-League
time=2025-08-12T11:47:03.274-04:00 level=INFO msg="Handler finished" Selector="div.lineup th[colspan]" Duration=0s URL=https://fbref.com/en/matches/34557647/Newcastle-United-Southampton-August-17-2024-Premier-League
time=2025-08-12T11:47:03.274-04:00 level=INFO msg="Handler finished" Selector="div.lineup th[colspan]" Duration=0s URL=https://fbref.com/en/matches/34557647/Newcastle-United-Southampton-August-17-2024-Premier-League
time=2025-08-12T11:47:03.274-04:00 level=INFO msg="Handler finished" Selector="div.lineup th[colspan]" Duration=0s URL=https://fbref.com/en/matches/34557647/Newcastle-United-Southampton-August-17-2024-Premier-League
time=2025-08-12T11:47:03.274-04:00 level=INFO msg="Handler finished" Selector="div.lineup th[colspan]" Duration=0s URL=https://fbref.com/en/matches/34557647/Newcastle-United-Southampton-August-17-2024-Premier-League
time=2025-08-12T11:47:03.278-04:00 level=INFO msg="Handler finished" Selector="div[id^='all_player_stats']" Duration=3.0306ms URL=https://fbref.com/en/matches/34557647/Newcastle-United-Southampton-August-17-2024-Premier-League
time=2025-08-12T11:47:03.280-04:00 level=INFO msg="Handler finished" Selector="div[id^='all_player_stats']" Duration=1.2422ms URL=https://fbref.com/en/matches/34557647/Newcastle-United-Southampton-August-17-2024-Premier-League
time=2025-08-12T11:47:03.281-04:00 level=INFO msg="Handler finished" Selector="div[id^='all_keeper_stats_']" Duration=0s URL=https://fbref.com/en/matches/34557647/Newcastle-United-Southampton-August-17-2024-Premier-League
time=2025-08-12T11:47:03.281-04:00 level=INFO msg="Handler finished" Selector="div[id^='all_keeper_stats_']" Duration=0s URL=https://fbref.com/en/matches/34557647/Newcastle-United-Southampton-August-17-2024-Premier-League
time=2025-08-12T11:47:03.281-04:00 level=INFO msg="Finished URL Visit" URL=https://fbref.com/en/matches/34557647/Newcastle-United-Southampton-August-17-2024-Premier-League Duration=2.2731431s Location="App.go - c.Visit()"
time=2025-08-12T11:47:03.281-04:00 level=INFO msg="Finished URL," "Total Duration"=6.4219476s URL=https://fbref.com/en/matches/34557647/Newcastle-United-Southampton-August-17-2024-Premier-League
time=2025-08-12T11:47:03.282-04:00 level=INFO msg="Scraping State" URL=https://fbref.com/en/matches/71618ace/Everton-Brighton-and-Hove-Albion-August-17-2024-Premier-League "Keeper Counter"=0
time=2025-08-12T11:47:03.282-04:00 level=DEBUG msg="Creation of CollyCollector : c:="
time=2025-08-12T11:47:03.282-04:00 level=DEBUG msg="Extracting Date from URL string for building output folder structure." Date=August-17-2024 Location="App.go - After Handler selectors -> Get Dates"
time=2025-08-12T11:47:03.282-04:00 level=INFO msg="Total Scrape time" "Scrape time"=1.1547ms url=https://fbref.com/en/matches/71618ace/Everton-Brighton-and-Hove-Albion-August-17-2024-Premier-League location="app.go - scrape loop"
time=2025-08-12T11:47:03.282-04:00 level=INFO msg="Finished scraping Handler ," "Total Duration"=6.4231023s "Scrape time"=1.1547ms
time=2025-08-12T11:47:03.282-04:00 level=INFO msg="Total Scrape time" "Scrape time"=1.1547ms url=https://fbref.com/en/matches/71618ace/Everton-Brighton-and-Hove-Albion-August-17-2024-Premier-League location="app.go - scrape loop"
time=2025-08-12T11:47:03.282-04:00 level=INFO msg="Finished scraping Handler ," "Total Duration"=6.4231023s "Scrape time"=1.1547ms
time=2025-08-12T11:47:03.282-04:00 level=INFO msg="Total Scrape time" "Scrape time"=1.1547ms url=https://fbref.com/en/matches/71618ace/Everton-Brighton-and-Hove-Albion-August-17-2024-Premier-League location="app.go - scrape loop"
time=2025-08-12T11:47:03.282-04:00 level=INFO msg="Finished scraping Handler ," "Total Duration"=6.4231023s "Scrape time"=1.1547ms
time=2025-08-12T11:47:03.282-04:00 level=INFO msg="Total Scrape time" "Scrape time"=1.1547ms url=https://fbref.com/en/matches/71618ace/Everton-Brighton-and-Hove-Albion-August-17-2024-Premier-League location="app.go - scrape loop"
time=2025-08-12T11:47:03.282-04:00 level=INFO msg="Finished scraping Handler ," "Total Duration"=6.4231023s "Scrape time"=1.1547ms
time=2025-08-12T11:47:06.955-04:00 level=INFO msg="Handler finished" Selector=div.datapoint Duration=0s URL=https://fbref.com/en/matches/71618ace/Everton-Brighton-and-Hove-Albion-August-17-2024-Premier-League
time=2025-08-12T11:47:06.955-04:00 level=INFO msg="Handler finished" Selector=div.datapoint Duration=0s URL=https://fbref.com/en/matches/71618ace/Everton-Brighton-and-Hove-Albion-August-17-2024-Premier-League
time=2025-08-12T11:47:06.955-04:00 level=INFO msg="Handler finished" Selector=div.datapoint Duration=0s URL=https://fbref.com/en/matches/71618ace/Everton-Brighton-and-Hove-Albion-August-17-2024-Premier-League
time=2025-08-12T11:47:06.955-04:00 level=INFO msg="Handler finished" Selector=div.datapoint Duration=0s URL=https://fbref.com/en/matches/71618ace/Everton-Brighton-and-Hove-Albion-August-17-2024-Premier-League
time=2025-08-12T11:47:06.956-04:00 level=INFO msg="Handler finished" Selector="div.lineup th[colspan]" Duration=0s URL=https://fbref.com/en/matches/71618ace/Everton-Brighton-and-Hove-Albion-August-17-2024-Premier-League
time=2025-08-12T11:47:06.956-04:00 level=INFO msg="Handler finished" Selector="div.lineup th[colspan]" Duration=0s URL=https://fbref.com/en/matches/71618ace/Everton-Brighton-and-Hove-Albion-August-17-2024-Premier-League
time=2025-08-12T11:47:06.956-04:00 level=INFO msg="Handler finished" Selector="div.lineup th[colspan]" Duration=0s URL=https://fbref.com/en/matches/71618ace/Everton-Brighton-and-Hove-Albion-August-17-2024-Premier-League
time=2025-08-12T11:47:06.956-04:00 level=INFO msg="Handler finished" Selector="div.lineup th[colspan]" Duration=0s URL=https://fbref.com/en/matches/71618ace/Everton-Brighton-and-Hove-Albion-August-17-2024-Premier-League
time=2025-08-12T11:47:06.958-04:00 level=INFO msg="Handler finished" Selector="div[id^='all_player_stats']" Duration=1.6749ms URL=https://fbref.com/en/matches/71618ace/Everton-Brighton-and-Hove-Albion-August-17-2024-Premier-League
time=2025-08-12T11:47:06.961-04:00 level=INFO msg="Handler finished" Selector="div[id^='all_player_stats']" Duration=2.2069ms URL=https://fbref.com/en/matches/71618ace/Everton-Brighton-and-Hove-Albion-August-17-2024-Premier-League
time=2025-08-12T11:47:06.961-04:00 level=INFO msg="Handler finished" Selector="div[id^='all_keeper_stats_']" Duration=0s URL=https://fbref.com/en/matches/71618ace/Everton-Brighton-and-Hove-Albion-August-17-2024-Premier-League
time=2025-08-12T11:47:06.961-04:00 level=INFO msg="Handler finished" Selector="div[id^='all_keeper_stats_']" Duration=0s URL=https://fbref.com/en/matches/71618ace/Everton-Brighton-and-Hove-Albion-August-17-2024-Premier-League
time=2025-08-12T11:47:06.961-04:00 level=INFO msg="Finished URL Visit" URL=https://fbref.com/en/matches/71618ace/Everton-Brighton-and-Hove-Albion-August-17-2024-Premier-League Duration=3.6794889s Location="App.go - c.Visit()"
time=2025-08-12T11:47:06.961-04:00 level=INFO msg="Finished URL," "Total Duration"=10.1025912s URL=https://fbref.com/en/matches/71618ace/Everton-Brighton-and-Hove-Albion-August-17-2024-Premier-League
time=2025-08-12T11:47:06.964-04:00 level=INFO msg="Scraping State" URL=https://fbref.com/en/matches/4efc72e4/Nottingham-Forest-Bournemouth-August-17-2024-Premier-League "Keeper Counter"=0
time=2025-08-12T11:47:06.964-04:00 level=DEBUG msg="Creation of CollyCollector : c:="
time=2025-08-12T11:47:06.965-04:00 level=DEBUG msg="Extracting Date from URL string for building output folder structure." Date=August-17-2024 Location="App.go - After Handler selectors -> Get Dates"
time=2025-08-12T11:47:06.965-04:00 level=INFO msg="Total Scrape time" "Scrape time"=3.6639ms url=https://fbref.com/en/matches/4efc72e4/Nottingham-Forest-Bournemouth-August-17-2024-Premier-League location="app.go - scrape loop"
time=2025-08-12T11:47:06.965-04:00 level=INFO msg="Finished scraping Handler ," "Total Duration"=10.1062551s "Scrape time"=3.6639ms
time=2025-08-12T11:47:06.965-04:00 level=INFO msg="Total Scrape time" "Scrape time"=3.6639ms url=https://fbref.com/en/matches/4efc72e4/Nottingham-Forest-Bournemouth-August-17-2024-Premier-League location="app.go - scrape loop"
time=2025-08-12T11:47:06.965-04:00 level=INFO msg="Finished scraping Handler ," "Total Duration"=10.1062551s "Scrape time"=3.6639ms
time=2025-08-12T11:47:06.965-04:00 level=INFO msg="Total Scrape time" "Scrape time"=3.6639ms url=https://fbref.com/en/matches/4efc72e4/Nottingham-Forest-Bournemouth-August-17-2024-Premier-League location="app.go - scrape loop"
time=2025-08-12T11:47:06.965-04:00 level=INFO msg="Finished scraping Handler ," "Total Duration"=10.1062551s "Scrape time"=3.6639ms
time=2025-08-12T11:47:06.965-04:00 level=INFO msg="Total Scrape time" "Scrape time"=3.6639ms url=https://fbref.com/en/matches/4efc72e4/Nottingham-Forest-Bournemouth-August-17-2024-Premier-League location="app.go - scrape loop"
time=2025-08-12T11:47:06.965-04:00 level=INFO msg="Finished scraping Handler ," "Total Duration"=10.1062551s "Scrape time"=3.6639ms
time=2025-08-12T11:55:10.151-04:00 level=DEBUG msg="Starting Scraping process" Location="App.go Run()"
time=2025-08-12T11:55:10.962-04:00 level=INFO msg="Looking for CSV files in dirname Ready" Location="app.go - FindcsvFiles" dirname_ready=links/scrapeReady/
time=2025-08-12T11:55:10.964-04:00 level=DEBUG msg="Reading CSVs from csvarray. Array created from findcsvfiles." Location="app.go - Range csvArray loop" Record="premier_league_match_links (1).csv"
time=2025-08-12T11:55:10.985-04:00 level=INFO msg="Scraping State" URL=https://fbref.com/en/matches/a1d0d529/Ipswich-Town-Liverpool-August-17-2024-Premier-League "Keeper Counter"=0
time=2025-08-12T11:55:10.985-04:00 level=DEBUG msg="Creation of CollyCollector : c:="
time=2025-08-12T11:55:11.003-04:00 level=DEBUG msg="Extracting Date from URL string for building output folder structure." Date=August-17-2024 Location="App.go - After Handler selectors -> Get Dates"
time=2025-08-12T11:55:11.003-04:00 level=INFO msg="Total Scrape time" "Scrape time"=38.8899ms url=https://fbref.com/en/matches/a1d0d529/Ipswich-Town-Liverpool-August-17-2024-Premier-League location="app.go - scrape loop"
time=2025-08-12T11:55:11.003-04:00 level=INFO msg="Finished scraping Handler ," "Total Duration"=852.8387ms "Scrape time"=38.8899ms
time=2025-08-12T11:55:11.003-04:00 level=INFO msg="Total Scrape time" "Scrape time"=38.8899ms url=https://fbref.com/en/matches/a1d0d529/Ipswich-Town-Liverpool-August-17-2024-Premier-League location="app.go - scrape loop"
time=2025-08-12T11:55:11.003-04:00 level=INFO msg="Finished scraping Handler ," "Total Duration"=852.8387ms "Scrape time"=38.8899ms
time=2025-08-12T11:55:11.003-04:00 level=INFO msg="Total Scrape time" "Scrape time"=38.8899ms url=https://fbref.com/en/matches/a1d0d529/Ipswich-Town-Liverpool-August-17-2024-Premier-League location="app.go - scrape loop"
time=2025-08-12T11:55:11.003-04:00 level=INFO msg="Finished scraping Handler ," "Total Duration"=852.8387ms "Scrape time"=38.8899ms
time=2025-08-12T11:55:11.003-04:00 level=INFO msg="Total Scrape time" "Scrape time"=38.8899ms url=https://fbref.com/en/matches/a1d0d529/Ipswich-Town-Liverpool-August-17-2024-Premier-League location="app.go - scrape loop"
time=2025-08-12T11:55:11.003-04:00 level=INFO msg="Finished scraping Handler ," "Total Duration"=852.8387ms "Scrape time"=38.8899ms
time=2025-08-12T11:55:18.125-04:00 level=INFO msg="Handler finished" Selector=div.datapoint Duration=0s URL=https://fbref.com/en/matches/a1d0d529/Ipswich-Town-Liverpool-August-17-2024-Premier-League
time=2025-08-12T11:55:18.125-04:00 level=INFO msg="Handler finished" Selector=div.datapoint Duration=0s URL=https://fbref.com/en/matches/a1d0d529/Ipswich-Town-Liverpool-August-17-2024-Premier-League
time=2025-08-12T11:55:18.125-04:00 level=INFO msg="Handler finished" Selector=div.datapoint Duration=0s URL=https://fbref.com/en/matches/a1d0d529/Ipswich-Town-Liverpool-August-17-2024-Premier-League
time=2025-08-12T11:55:18.125-04:00 level=INFO msg="Handler finished" Selector=div.datapoint Duration=0s URL=https://fbref.com/en/matches/a1d0d529/Ipswich-Town-Liverpool-August-17-2024-Premier-League
time=2025-08-12T11:55:18.126-04:00 level=INFO msg="Handler finished" Selector="div.lineup th[colspan]" Duration=0s URL=https://fbref.com/en/matches/a1d0d529/Ipswich-Town-Liverpool-August-17-2024-Premier-League
time=2025-08-12T11:55:18.126-04:00 level=INFO msg="Handler finished" Selector="div.lineup th[colspan]" Duration=0s URL=https://fbref.com/en/matches/a1d0d529/Ipswich-Town-Liverpool-August-17-2024-Premier-League
time=2025-08-12T11:55:18.126-04:00 level=INFO msg="Handler finished" Selector="div.lineup th[colspan]" Duration=0s URL=https://fbref.com/en/matches/a1d0d529/Ipswich-Town-Liverpool-August-17-2024-Premier-League
time=2025-08-12T11:55:18.126-04:00 level=INFO msg="Handler finished" Selector="div.lineup th[colspan]" Duration=0s URL=https://fbref.com/en/matches/a1d0d529/Ipswich-Town-Liverpool-August-17-2024-Premier-League
time=2025-08-12T11:55:18.130-04:00 level=INFO msg="Handler finished" Selector="div[id^='all_player_stats']" Duration=3.0019ms URL=https://fbref.com/en/matches/a1d0d529/Ipswich-Town-Liverpool-August-17-2024-Premier-League
time=2025-08-12T11:55:18.143-04:00 level=INFO msg="Handler finished" Selector="div[id^='all_player_stats']" Duration=12.6119ms URL=https://fbref.com/en/matches/a1d0d529/Ipswich-Town-Liverpool-August-17-2024-Premier-League
time=2025-08-12T11:55:18.143-04:00 level=INFO msg="Handler finished" Selector="div[id^='all_keeper_stats_']" Duration=0s URL=https://fbref.com/en/matches/a1d0d529/Ipswich-Town-Liverpool-August-17-2024-Premier-League
time=2025-08-12T11:55:18.143-04:00 level=INFO msg="Handler finished" Selector="div[id^='all_keeper_stats_']" Duration=0s URL=https://fbref.com/en/matches/a1d0d529/Ipswich-Town-Liverpool-August-17-2024-Premier-League
time=2025-08-12T11:55:18.143-04:00 level=INFO msg="Finished URL Visit" URL=https://fbref.com/en/matches/a1d0d529/Ipswich-Town-Liverpool-August-17-2024-Premier-League Duration=7.1395711s Location="App.go - c.Visit()"
time=2025-08-12T11:55:18.143-04:00 level=INFO msg="Finished URL," "Total Duration"=7.9924098s URL=https://fbref.com/en/matches/a1d0d529/Ipswich-Town-Liverpool-August-17-2024-Premier-League
time=2025-08-12T11:55:18.147-04:00 level=INFO msg="Scraping State" URL=https://fbref.com/en/matches/34557647/Newcastle-United-Southampton-August-17-2024-Premier-League "Keeper Counter"=0
time=2025-08-12T11:55:18.147-04:00 level=DEBUG msg="Creation of CollyCollector : c:="
time=2025-08-12T11:55:18.148-04:00 level=DEBUG msg="Extracting Date from URL string for building output folder structure." Date=August-17-2024 Location="App.go - After Handler selectors -> Get Dates"
time=2025-08-12T11:55:18.148-04:00 level=INFO msg="Total Scrape time" "Scrape time"=5.271ms url=https://fbref.com/en/matches/34557647/Newcastle-United-Southampton-August-17-2024-Premier-League location="app.go - scrape loop"
time=2025-08-12T11:55:18.148-04:00 level=INFO msg="Finished scraping Handler ," "Total Duration"=7.9978305s "Scrape time"=5.4207ms
time=2025-08-12T11:55:18.148-04:00 level=INFO msg="Total Scrape time" "Scrape time"=5.4207ms url=https://fbref.com/en/matches/34557647/Newcastle-United-Southampton-August-17-2024-Premier-League location="app.go - scrape loop"
time=2025-08-12T11:55:18.148-04:00 level=INFO msg="Finished scraping Handler ," "Total Duration"=7.9978305s "Scrape time"=5.4207ms
time=2025-08-12T11:55:18.148-04:00 level=INFO msg="Total Scrape time" "Scrape time"=5.4207ms url=https://fbref.com/en/matches/34557647/Newcastle-United-Southampton-August-17-2024-Premier-League location="app.go - scrape loop"
time=2025-08-12T11:55:18.148-04:00 level=INFO msg="Finished scraping Handler ," "Total Duration"=7.9978305s "Scrape time"=5.4207ms
time=2025-08-12T11:55:18.148-04:00 level=INFO msg="Total Scrape time" "Scrape time"=5.4207ms url=https://fbref.com/en/matches/34557647/Newcastle-United-Southampton-August-17-2024-Premier-League location="app.go - scrape loop"
time=2025-08-12T11:55:18.148-04:00 level=INFO msg="Finished scraping Handler ," "Total Duration"=7.9978305s "Scrape time"=5.4207ms
time=2025-08-12T11:57:13.105-04:00 level=DEBUG msg="Starting Scraping process" Location="App.go Run()"
time=2025-08-12T11:57:13.383-04:00 level=INFO msg="Looking for CSV files in dirname Ready" Location="app.go - FindcsvFiles" dirname_ready=links/scrapeReady/
time=2025-08-12T11:57:13.383-04:00 level=DEBUG msg="Reading CSVs from csvarray. Array created from findcsvfiles." Location="app.go - Range csvArray loop" Record="premier_league_match_links (1).csv"
time=2025-08-12T11:57:13.384-04:00 level=INFO msg="Scraping State" URL=https://fbref.com/en/matches/a1d0d529/Ipswich-Town-Liverpool-August-17-2024-Premier-League "Keeper Counter"=0
time=2025-08-12T11:57:13.384-04:00 level=DEBUG msg="Creation of CollyCollector : c:="
time=2025-08-12T11:57:13.385-04:00 level=DEBUG msg="Extracting Date from URL string for building output folder structure." Date=August-17-2024 Location="App.go - After Handler selectors -> Get Dates"
time=2025-08-12T11:57:13.385-04:00 level=INFO msg="Total Scrape time" "Scrape time"=1.664ms url=https://fbref.com/en/matches/a1d0d529/Ipswich-Town-Liverpool-August-17-2024-Premier-League location="app.go - scrape loop"
time=2025-08-12T11:57:13.385-04:00 level=INFO msg="Finished scraping Handler ," "Total Duration"=280.1332ms "Scrape time"=1.664ms
time=2025-08-12T11:57:13.385-04:00 level=INFO msg="Total Scrape time" "Scrape time"=1.664ms url=https://fbref.com/en/matches/a1d0d529/Ipswich-Town-Liverpool-August-17-2024-Premier-League location="app.go - scrape loop"
time=2025-08-12T11:57:13.385-04:00 level=INFO msg="Finished scraping Handler ," "Total Duration"=280.1332ms "Scrape time"=1.664ms
time=2025-08-12T11:57:13.385-04:00 level=INFO msg="Total Scrape time" "Scrape time"=1.664ms url=https://fbref.com/en/matches/a1d0d529/Ipswich-Town-Liverpool-August-17-2024-Premier-League location="app.go - scrape loop"
time=2025-08-12T11:57:13.385-04:00 level=INFO msg="Finished scraping Handler ," "Total Duration"=280.1332ms "Scrape time"=1.664ms
time=2025-08-12T11:57:13.385-04:00 level=INFO msg="Total Scrape time" "Scrape time"=1.664ms url=https://fbref.com/en/matches/a1d0d529/Ipswich-Town-Liverpool-August-17-2024-Premier-League location="app.go - scrape loop"
time=2025-08-12T11:57:13.385-04:00 level=INFO msg="Finished scraping Handler ," "Total Duration"=280.1332ms "Scrape time"=1.664ms
time=2025-08-12T11:57:19.237-04:00 level=INFO msg="Handler finished" Selector=div.datapoint Duration=0s URL=https://fbref.com/en/matches/a1d0d529/Ipswich-Town-Liverpool-August-17-2024-Premier-League
time=2025-08-12T11:57:19.237-04:00 level=INFO msg="Handler finished" Selector=div.datapoint Duration=0s URL=https://fbref.com/en/matches/a1d0d529/Ipswich-Town-Liverpool-August-17-2024-Premier-League
time=2025-08-12T11:57:19.237-04:00 level=INFO msg="Handler finished" Selector=div.datapoint Duration=0s URL=https://fbref.com/en/matches/a1d0d529/Ipswich-Town-Liverpool-August-17-2024-Premier-League
time=2025-08-12T11:57:19.237-04:00 level=INFO msg="Handler finished" Selector=div.datapoint Duration=0s URL=https://fbref.com/en/matches/a1d0d529/Ipswich-Town-Liverpool-August-17-2024-Premier-League
time=2025-08-12T11:57:19.239-04:00 level=INFO msg="Handler finished" Selector="div.lineup th[colspan]" Duration=0s URL=https://fbref.com/en/matches/a1d0d529/Ipswich-Town-Liverpool-August-17-2024-Premier-League
time=2025-08-12T11:57:19.239-04:00 level=INFO msg="Handler finished" Selector="div.lineup th[colspan]" Duration=0s URL=https://fbref.com/en/matches/a1d0d529/Ipswich-Town-Liverpool-August-17-2024-Premier-League
time=2025-08-12T11:57:19.239-04:00 level=INFO msg="Handler finished" Selector="div.lineup th[colspan]" Duration=0s URL=https://fbref.com/en/matches/a1d0d529/Ipswich-Town-Liverpool-August-17-2024-Premier-League
time=2025-08-12T11:57:19.239-04:00 level=INFO msg="Handler finished" Selector="div.lineup th[colspan]" Duration=0s URL=https://fbref.com/en/matches/a1d0d529/Ipswich-Town-Liverpool-August-17-2024-Premier-League
time=2025-08-12T11:57:19.243-04:00 level=INFO msg="Handler finished" Selector="div[id^='all_player_stats']" Duration=3.723ms URL=https://fbref.com/en/matches/a1d0d529/Ipswich-Town-Liverpool-August-17-2024-Premier-League
time=2025-08-12T11:57:19.247-04:00 level=INFO msg="Handler finished" Selector="div[id^='all_player_stats']" Duration=4.0012ms URL=https://fbref.com/en/matches/a1d0d529/Ipswich-Town-Liverpool-August-17-2024-Premier-League
time=2025-08-12T11:57:19.248-04:00 level=INFO msg="Handler finished" Selector="div[id^='all_keeper_stats_']" Duration=0s URL=https://fbref.com/en/matches/a1d0d529/Ipswich-Town-Liverpool-August-17-2024-Premier-League
time=2025-08-12T11:57:19.248-04:00 level=INFO msg="Handler finished" Selector="div[id^='all_keeper_stats_']" Duration=0s URL=https://fbref.com/en/matches/a1d0d529/Ipswich-Town-Liverpool-August-17-2024-Premier-League
time=2025-08-12T11:57:19.248-04:00 level=INFO msg="Finished URL Visit" URL=https://fbref.com/en/matches/a1d0d529/Ipswich-Town-Liverpool-August-17-2024-Premier-League Duration=5.8627826s Location="App.go - c.Visit()"
time=2025-08-12T11:57:19.248-04:00 level=INFO msg="Finished URL," "Total Duration"=6.1429158s URL=https://fbref.com/en/matches/a1d0d529/Ipswich-Town-Liverpool-August-17-2024-Premier-League
time=2025-08-12T11:57:19.250-04:00 level=INFO msg="Scraping State" URL=https://fbref.com/en/matches/34557647/Newcastle-United-Southampton-August-17-2024-Premier-League "Keeper Counter"=0
time=2025-08-12T11:57:19.250-04:00 level=DEBUG msg="Creation of CollyCollector : c:="
time=2025-08-12T11:57:19.250-04:00 level=DEBUG msg="Extracting Date from URL string for building output folder structure." Date=August-17-2024 Location="App.go - After Handler selectors -> Get Dates"
time=2025-08-12T11:57:19.250-04:00 level=INFO msg="Total Scrape time" "Scrape time"=2.2477ms url=https://fbref.com/en/matches/34557647/Newcastle-United-Southampton-August-17-2024-Premier-League location="app.go - scrape loop"
time=2025-08-12T11:57:19.250-04:00 level=INFO msg="Finished scraping Handler ," "Total Duration"=6.1451635s "Scrape time"=2.2477ms
time=2025-08-12T11:57:19.250-04:00 level=INFO msg="Total Scrape time" "Scrape time"=2.2477ms url=https://fbref.com/en/matches/34557647/Newcastle-United-Southampton-August-17-2024-Premier-League location="app.go - scrape loop"
time=2025-08-12T11:57:19.250-04:00 level=INFO msg="Finished scraping Handler ," "Total Duration"=6.1451635s "Scrape time"=2.2477ms
time=2025-08-12T11:57:19.251-04:00 level=INFO msg="Total Scrape time" "Scrape time"=2.7845ms url=https://fbref.com/en/matches/34557647/Newcastle-United-Southampton-August-17-2024-Premier-League location="app.go - scrape loop"
time=2025-08-12T11:57:19.251-04:00 level=INFO msg="Finished scraping Handler ," "Total Duration"=6.1457003s "Scrape time"=2.7845ms
time=2025-08-12T11:57:19.251-04:00 level=INFO msg="Total Scrape time" "Scrape time"=2.7845ms url=https://fbref.com/en/matches/34557647/Newcastle-United-Southampton-August-17-2024-Premier-League location="app.go - scrape loop"
time=2025-08-12T11:57:19.251-04:00 level=INFO msg="Finished scraping Handler ," "Total Duration"=6.1457003s "Scrape time"=2.7845ms
time=2025-08-12T11:57:42.591-04:00 level=DEBUG msg="Starting Scraping process" Location="App.go Run()"
time=2025-08-12T11:57:42.893-04:00 level=INFO msg="Looking for CSV files in dirname Ready" Location="app.go - FindcsvFiles" dirname_ready=links/scrapeReady/
time=2025-08-12T11:57:42.895-04:00 level=DEBUG msg="Reading CSVs from csvarray. Array created from findcsvfiles." Location="app.go - Range csvArray loop" Record="premier_league_match_links (1).csv"
time=2025-08-12T11:57:42.897-04:00 level=INFO msg="Scraping State" URL=https://fbref.com/en/matches/a1d0d529/Ipswich-Town-Liverpool-August-17-2024-Premier-League "Keeper Counter"=0
time=2025-08-12T11:57:42.897-04:00 level=DEBUG msg="Creation of CollyCollector : c:="
time=2025-08-12T11:57:42.898-04:00 level=DEBUG msg="Extracting Date from URL string for building output folder structure." Date=August-17-2024 Location="App.go - After Handler selectors -> Get Dates"
time=2025-08-12T11:57:42.898-04:00 level=INFO msg="Total Scrape time" "Scrape time"=3.2418ms url=https://fbref.com/en/matches/a1d0d529/Ipswich-Town-Liverpool-August-17-2024-Premier-League location="app.go - scrape loop"
time=2025-08-12T11:57:42.898-04:00 level=INFO msg="Finished scraping Handler ," "Total Duration"=306.8357ms "Scrape time"=3.2418ms
time=2025-08-12T11:57:42.898-04:00 level=INFO msg="Total Scrape time" "Scrape time"=3.2418ms url=https://fbref.com/en/matches/a1d0d529/Ipswich-Town-Liverpool-August-17-2024-Premier-League location="app.go - scrape loop"
time=2025-08-12T11:57:42.898-04:00 level=INFO msg="Finished scraping Handler ," "Total Duration"=306.8357ms "Scrape time"=3.2418ms
time=2025-08-12T11:57:42.898-04:00 level=INFO msg="Total Scrape time" "Scrape time"=3.2418ms url=https://fbref.com/en/matches/a1d0d529/Ipswich-Town-Liverpool-August-17-2024-Premier-League location="app.go - scrape loop"
time=2025-08-12T11:57:42.898-04:00 level=INFO msg="Finished scraping Handler ," "Total Duration"=306.8357ms "Scrape time"=3.2418ms
time=2025-08-12T11:57:42.898-04:00 level=INFO msg="Total Scrape time" "Scrape time"=3.2418ms url=https://fbref.com/en/matches/a1d0d529/Ipswich-Town-Liverpool-August-17-2024-Premier-League location="app.go - scrape loop"
time=2025-08-12T11:57:42.898-04:00 level=INFO msg="Finished scraping Handler ," "Total Duration"=306.8357ms "Scrape time"=3.2418ms
time=2025-08-12T12:00:00.309-04:00 level=DEBUG msg="Starting Scraping process" Location="App.go Run()"
time=2025-08-12T12:00:00.627-04:00 level=INFO msg="Looking for CSV files in dirname Ready" Location="app.go - FindcsvFiles" dirname_ready=links/scrapeReady/
time=2025-08-12T12:00:00.627-04:00 level=DEBUG msg="Reading CSVs from csvarray. Array created from findcsvfiles." Location="app.go - Range csvArray loop" Record="premier_league_match_links (1).csv"
time=2025-08-12T12:00:00.629-04:00 level=INFO msg="Scraping State" URL=https://fbref.com/en/matches/a1d0d529/Ipswich-Town-Liverpool-August-17-2024-Premier-League "Keeper Counter"=0
time=2025-08-12T12:00:00.629-04:00 level=DEBUG msg="Creation of CollyCollector : c:="
time=2025-08-12T12:00:00.629-04:00 level=DEBUG msg="Extracting Date from URL string for building output folder structure." Date=August-17-2024 Location="App.go - After Handler selectors -> Get Dates"
time=2025-08-12T12:00:00.629-04:00 level=INFO msg="Total Scrape time" "Scrape time"=1.0826ms url=https://fbref.com/en/matches/a1d0d529/Ipswich-Town-Liverpool-August-17-2024-Premier-League location="app.go - scrape loop"
time=2025-08-12T12:00:00.629-04:00 level=INFO msg="Finished scraping Handler ," "Total Duration"=320.2386ms "Scrape time"=1.0826ms
time=2025-08-12T12:00:00.629-04:00 level=INFO msg="Total Scrape time" "Scrape time"=1.0826ms url=https://fbref.com/en/matches/a1d0d529/Ipswich-Town-Liverpool-August-17-2024-Premier-League location="app.go - scrape loop"
time=2025-08-12T12:00:00.629-04:00 level=INFO msg="Finished scraping Handler ," "Total Duration"=320.2386ms "Scrape time"=1.0826ms
time=2025-08-12T12:00:00.629-04:00 level=INFO msg="Total Scrape time" "Scrape time"=1.0826ms url=https://fbref.com/en/matches/a1d0d529/Ipswich-Town-Liverpool-August-17-2024-Premier-League location="app.go - scrape loop"
time=2025-08-12T12:00:00.629-04:00 level=INFO msg="Finished scraping Handler ," "Total Duration"=320.2386ms "Scrape time"=1.0826ms
time=2025-08-12T12:00:00.629-04:00 level=INFO msg="Total Scrape time" "Scrape time"=1.0826ms url=https://fbref.com/en/matches/a1d0d529/Ipswich-Town-Liverpool-August-17-2024-Premier-League location="app.go - scrape loop"
time=2025-08-12T12:00:00.629-04:00 level=INFO msg="Finished scraping Handler ," "Total Duration"=320.7428ms "Scrape time"=1.5868ms
time=2025-08-12T12:01:00.544-04:00 level=DEBUG msg="Starting Scraping process" Location="App.go Run()"
time=2025-08-12T12:01:00.813-04:00 level=INFO msg="Looking for CSV files in dirname Ready" Location="app.go - FindcsvFiles" dirname_ready=links/scrapeReady/
time=2025-08-12T12:01:00.813-04:00 level=DEBUG msg="Reading CSVs from csvarray. Array created from findcsvfiles." Location="app.go - Range csvArray loop" Record="premier_league_match_links (1).csv"
time=2025-08-12T12:01:00.814-04:00 level=INFO msg="Scraping State" URL=https://fbref.com/en/matches/a1d0d529/Ipswich-Town-Liverpool-August-17-2024-Premier-League "Keeper Counter"=0
time=2025-08-12T12:01:00.814-04:00 level=DEBUG msg="Creation of CollyCollector : c:="
time=2025-08-12T12:01:00.814-04:00 level=DEBUG msg="Extracting Date from URL string for building output folder structure." Date=August-17-2024 Location="App.go - After Handler selectors -> Get Dates"
time=2025-08-12T12:01:00.814-04:00 level=INFO msg="Total Scrape time" "Scrape time"=1.5049ms url=https://fbref.com/en/matches/a1d0d529/Ipswich-Town-Liverpool-August-17-2024-Premier-League location="app.go - scrape loop"
time=2025-08-12T12:01:00.814-04:00 level=INFO msg="Finished scraping Handler ," "Total Duration"=269.7272ms "Scrape time"=1.5049ms
time=2025-08-12T12:01:00.814-04:00 level=INFO msg="Total Scrape time" "Scrape time"=1.5049ms url=https://fbref.com/en/matches/a1d0d529/Ipswich-Town-Liverpool-August-17-2024-Premier-League location="app.go - scrape loop"
time=2025-08-12T12:01:00.814-04:00 level=INFO msg="Finished scraping Handler ," "Total Duration"=269.7272ms "Scrape time"=1.5049ms
time=2025-08-12T12:01:00.814-04:00 level=INFO msg="Total Scrape time" "Scrape time"=1.5049ms url=https://fbref.com/en/matches/a1d0d529/Ipswich-Town-Liverpool-August-17-2024-Premier-League location="app.go - scrape loop"
time=2025-08-12T12:01:00.814-04:00 level=INFO msg="Finished scraping Handler ," "Total Duration"=269.7272ms "Scrape time"=1.5049ms
time=2025-08-12T12:01:00.814-04:00 level=INFO msg="Total Scrape time" "Scrape time"=1.5049ms url=https://fbref.com/en/matches/a1d0d529/Ipswich-Town-Liverpool-August-17-2024-Premier-League location="app.go - scrape loop"
time=2025-08-12T12:01:00.814-04:00 level=INFO msg="Finished scraping Handler ," "Total Duration"=269.7272ms "Scrape time"=1.5049ms
time=2025-08-12T12:01:27.325-04:00 level=DEBUG msg="Starting Scraping process" Location="App.go Run()"
time=2025-08-12T12:01:27.576-04:00 level=INFO msg="Looking for CSV files in dirname Ready" Location="app.go - FindcsvFiles" dirname_ready=links/scrapeReady/
time=2025-08-12T12:01:27.576-04:00 level=DEBUG msg="Reading CSVs from csvarray. Array created from findcsvfiles." Location="app.go - Range csvArray loop" Record="premier_league_match_links (1).csv"
time=2025-08-12T12:01:27.577-04:00 level=INFO msg="Scraping State" URL=https://fbref.com/en/matches/a1d0d529/Ipswich-Town-Liverpool-August-17-2024-Premier-League "Keeper Counter"=0
time=2025-08-12T12:01:27.577-04:00 level=DEBUG msg="Creation of CollyCollector : c:="
time=2025-08-12T12:01:27.578-04:00 level=DEBUG msg="Extracting Date from URL string for building output folder structure." Date=August-17-2024 Location="App.go - After Handler selectors -> Get Dates"
time=2025-08-12T12:01:27.578-04:00 level=INFO msg="Total Scrape time" "Scrape time"=1.7346ms url=https://fbref.com/en/matches/a1d0d529/Ipswich-Town-Liverpool-August-17-2024-Premier-League location="app.go - scrape loop"
time=2025-08-12T12:01:27.578-04:00 level=INFO msg="Finished scraping Handler ," "Total Duration"=252.7214ms "Scrape time"=1.7346ms
time=2025-08-12T12:01:27.578-04:00 level=INFO msg="Total Scrape time" "Scrape time"=1.7346ms url=https://fbref.com/en/matches/a1d0d529/Ipswich-Town-Liverpool-August-17-2024-Premier-League location="app.go - scrape loop"
time=2025-08-12T12:01:27.578-04:00 level=INFO msg="Finished scraping Handler ," "Total Duration"=252.7214ms "Scrape time"=1.7346ms
time=2025-08-12T12:01:27.578-04:00 level=INFO msg="Total Scrape time" "Scrape time"=1.7346ms url=https://fbref.com/en/matches/a1d0d529/Ipswich-Town-Liverpool-August-17-2024-Premier-League location="app.go - scrape loop"
time=2025-08-12T12:01:27.578-04:00 level=INFO msg="Finished scraping Handler ," "Total Duration"=252.7214ms "Scrape time"=1.7346ms
time=2025-08-12T12:01:27.578-04:00 level=INFO msg="Total Scrape time" "Scrape time"=1.7346ms url=https://fbref.com/en/matches/a1d0d529/Ipswich-Town-Liverpool-August-17-2024-Premier-League location="app.go - scrape loop"
time=2025-08-12T12:01:27.578-04:00 level=INFO msg="Finished scraping Handler ," "Total Duration"=252.7214ms "Scrape time"=1.7346ms
